(Time, ID): (11.050000000000, 9acu1) | (M, Li): (0.1147752349E+01, -0.637541791051626E+01) | Ra/Lat: (131.19406036, 41.55244624) F
(Time, ID): (11.050000000000, 14acu1) | (M, Li): (0.1788946683E+01, -0.495177498832345E+01) | Ra/Lat: (131.19406036, 41.55244624) F
(Time, ID): (11.050000000000, 15acu1) | (M, Li): (0.1174753989E+01, -0.520844047889113E+01) | Ra/Lat: (131.19406036, 41.55244624) F
(Time, ID): (11.050000000000, 18acu1) | (M, Li): (0.1011098864E+01, -0.522448225691915E+01) | Ra/Lat: (131.19406036, 41.55244624) F
(Time, ID): (11.050000000000, 21acu1) | (M, Li): (0.1593294060E+01, -0.304030857980251E+00) | Ra/Lat: (131.19406036, 41.55244624) F
(Time, ID): (11.050000000000, 26acu1) | (M, Li): (0.2322091876E+01, -0.507506552338600E+01) | Ra/Lat: (131.19406036, 41.55244624) F
(Time, ID): (11.050000000000, 1ade1) | (M, Li): (0.1108172196E+01, -0.137870335802436E+02) | Ra/Lat: (340.72835760, -34.54902480) F
(Time, ID): (11.050000000000, 2ade1) | (M, Li): (0.1261187792E+01, -0.165691463202238E+02) | Ra/Lat: (340.72835760, -34.54902480) F
(Time, ID): (11.050000000000, 4ade1) | (M, Li): (0.1930369158E+01, -0.116202695518732E+02) | Ra/Lat: (340.72835760, -34.54902480) F
(Time, ID): (11.050000000000, 13ade1) | (M, Li): (0.1259097155E+01, -0.959374699741602E+01) | Ra/Lat: (340.72835760, -34.54902480) F
(Time, ID): (11.050000000000, 16ade1) | (M, Li): (0.1574688948E+01, -0.147916442193091E+02) | Ra/Lat: (340.72835760, -34.54902480) F
(Time, ID): (11.050000000000, 20ade1) | (M, Li): (0.1165652766E+01, -0.134420389011502E+02) | Ra/Lat: (340.72835760, -34.54902480) F
(Time, ID): (11.050000000000, 27ade1) | (M, Li): (0.1624121567E+01, -0.109727925434709E+02) | Ra/Lat: (340.72835760, -34.54902480) F
(Time, ID): (11.050000000000, 7aira) | (M, Li): (0.2282039489E+01, 0.127360586822033E+01) | Ra/Lat: (332.48823162, 31.59146542) F
(Time, ID): (11.050000000000, 8aira) | (M, Li): (0.1442355721E+01, -0.276647108048201E+01) | Ra/Lat: (332.48823162, 31.59146542) F
(Time, ID): (11.050000000000, 11aira) | (M, Li): (0.1021544178E+01, -0.345371425338089E+02) | Ra/Lat: (332.48823162, 31.59146542) F
(Time, ID): (11.050000000000, 20aira) | (M, Li): (0.1609441080E+01, -0.284941725656390E+02) | Ra/Lat: (332.48823162, 31.59146542) F
(Time, ID): (11.050000000000, 27aira) | (M, Li): (0.1633225165E+01, -0.339091620966792E+01) | Ra/Lat: (332.48823162, 31.59146542) F
(Time, ID): (11.050000000000, 28aira) | (M, Li): (0.1511544442E+01, 0.220635125413537E+01) | Ra/Lat: (332.48823162, 31.59146542) F
(Time, ID): (11.050000000000, 1alic) | (M, Li): (0.1283240067E+01, -0.399994260445237E+02) | Ra/Lat: (335.96652828, -23.52894787) F
(Time, ID): (11.050000000000, 2alic) | (M, Li): (0.1355054385E+01, -0.393938546478748E+02) | Ra/Lat: (335.96652828, -23.52894787) F
(Time, ID): (11.050000000000, 4alic) | (M, Li): (0.1947129095E+01, -0.105854858905077E+02) | Ra/Lat: (335.96652828, -23.52894787) F
(Time, ID): (11.050000000000, 8alic) | (M, Li): (0.2291279635E+01, -0.193149573020637E+02) | Ra/Lat: (335.96652828, -23.52894787) F
(Time, ID): (11.050000000000, 11alic) | (M, Li): (0.2442880187E+01, -0.851542265713215E+01) | Ra/Lat: (335.96652828, -23.52894787) F
(Time, ID): (11.050000000000, 13alic) | (M, Li): (0.1396111400E+01, -0.234469736777246E+02) | Ra/Lat: (335.96652828, -23.52894787) F
(Time, ID): (11.050000000000, 16alic) | (M, Li): (0.1923713389E+01, -0.170427952185273E+02) | Ra/Lat: (335.96652828, -23.52894787) F
(Time, ID): (11.050000000000, 20alic) | (M, Li): (0.1097876393E+01, -0.277928229421377E+02) | Ra/Lat: (335.96652828, -23.52894787) F
(Time, ID): (11.050000000000, 27alic) | (M, Li): (0.1377182728E+01, -0.319740996025503E+02) | Ra/Lat: (335.96652828, -23.52894787) F
(Time, ID): (11.050000000000, 6areq) | (M, Li): (0.1333483961E+01, -0.380683656781912E+01) | Ra/Lat: (130.58822094, -16.36124146) F
(Time, ID): (11.050000000000, 17areq) | (M, Li): (0.1488227059E+01, -0.994646156579256E+01) | Ra/Lat: (130.58822094, -16.36124146) T
(Time, ID): (11.050000000000, 21areq) | (M, Li): (0.1046559402E+01, -0.318171677365899E+01) | Ra/Lat: (130.58822094, -16.36124146) F
(Time, ID): (11.050000000000, 25areq) | (M, Li): (0.1743429078E+01, -0.677834063768387E+01) | Ra/Lat: (130.58822094, -16.36124146) F
(Time, ID): (11.050000000000, 30areq) | (M, Li): (0.1156314189E+01, -0.322389425337315E+01) | Ra/Lat: (130.58822094, -16.36124146) F
(Time, ID): (11.050000000000, 10asc1) | (M, Li): (0.1149252156E+01, -0.104735369905829E+02) | Ra/Lat: (187.66893979, -7.89866040) T
(Time, ID): (11.050000000000, 17asc1) | (M, Li): (0.1439316056E+01, -0.126169900335371E+02) | Ra/Lat: (187.66893979, -7.89866040) T
(Time, ID): (11.050000000000, 26asc1) | (M, Li): (0.1746950039E+01, -0.149235628694296E+02) | Ra/Lat: (187.66893979, -7.89866040) T
(Time, ID): (11.050000000000, 29asc1) | (M, Li): (0.1634378575E+01, -0.138456652276218E+02) | Ra/Lat: (187.66893979, -7.89866040) T
(Time, ID): (11.050000000000, 30asc1) | (M, Li): (0.1452009080E+01, -0.106056679226458E+02) | Ra/Lat: (187.66893979, -7.89866040) T
(Time, ID): (11.050000000000, 1aspa) | (M, Li): (0.1835682353E+01, -0.349032011628151E+01) | Ra/Lat: (31.35857964, -14.23410308) F
(Time, ID): (11.050000000000, 14aspa) | (M, Li): (0.2051748211E+01, -0.316767804250121E+02) | Ra/Lat: (31.35857964, -14.23410308) F
(Time, ID): (11.050000000000, 16aspa) | (M, Li): (0.1179548206E+01, -0.491420749574900E+01) | Ra/Lat: (31.35857964, -14.23410308) F
(Time, ID): (11.050000000000, 20aspa) | (M, Li): (0.1392342628E+01, -0.375744950398803E+01) | Ra/Lat: (31.35857964, -14.23410308) F
(Time, ID): (11.050000000000, 25aspa) | (M, Li): (0.1763014768E+01, -0.239678191207349E+02) | Ra/Lat: (31.35857964, -14.23410308) F
(Time, ID): (11.050000000000, 4bahr) | (M, Li): (0.2392438833E+01, -0.332801307886839E+02) | Ra/Lat: (252.68915703, 26.05695925) T
(Time, ID): (11.050000000000, 7bahr) | (M, Li): (0.1005573279E+01, -0.118115142099559E+02) | Ra/Lat: (252.68915703, 26.05695925) T
(Time, ID): (11.050000000000, 8bahr) | (M, Li): (0.1336283209E+01, -0.138118069432676E+02) | Ra/Lat: (252.68915703, 26.05695925) T
(Time, ID): (11.050000000000, 26bahr) | (M, Li): (0.1327563314E+01, -0.132637804970145E+02) | Ra/Lat: (252.68915703, 26.05695925) T
(Time, ID): (11.050000000000, 27bahr) | (M, Li): (0.2116723010E+01, -0.258617226481438E+02) | Ra/Lat: (252.68915703, 26.05695925) T
(Time, ID): (11.050000000000, 28bahr) | (M, Li): (0.1319409712E+01, -0.107702181972563E+02) | Ra/Lat: (252.68915703, 26.05695925) T
(Time, ID): (11.050000000000, 29bahr) | (M, Li): (0.1184776650E+01, -0.133126235082746E+02) | Ra/Lat: (252.68915703, 26.05695925) T
(Time, ID): (11.050000000000, 1bako) | (M, Li): (0.2162703265E+01, -0.885789660736918E+01) | Ra/Lat: (308.92992224, -6.44796906) F
(Time, ID): (11.050000000000, 4bako) | (M, Li): (0.1494298168E+01, -0.199876131713390E+02) | Ra/Lat: (308.92992224, -6.44796906) F
(Time, ID): (11.050000000000, 7bako) | (M, Li): (0.2162912134E+01, -0.179095570556819E+02) | Ra/Lat: (308.92992224, -6.44796906) F
(Time, ID): (11.050000000000, 8bako) | (M, Li): (0.1242465986E+01, -0.298873834833503E+02) | Ra/Lat: (308.92992224, -6.44796906) F
(Time, ID): (11.050000000000, 11bako) | (M, Li): (0.1940005849E+01, -0.139396252408624E+02) | Ra/Lat: (308.92992224, -6.44796906) F
(Time, ID): (11.050000000000, 13bako) | (M, Li): (0.1657729350E+01, -0.271343247480690E+02) | Ra/Lat: (308.92992224, -6.44796906) F
(Time, ID): (11.050000000000, 20bako) | (M, Li): (0.1545083280E+01, -0.104464938752353E+02) | Ra/Lat: (308.92992224, -6.44796906) F
(Time, ID): (11.050000000000, 27bako) | (M, Li): (0.1011137053E+01, -0.331317231468856E+02) | Ra/Lat: (308.92992224, -6.44796906) F
(Time, ID): (11.050000000000, 28bako) | (M, Li): (0.2525511707E+01, -0.128946878351271E+02) | Ra/Lat: (308.92992224, -6.44796906) F
(Time, ID): (11.050000000000, 11bay2) | (M, Li): (0.1513130198E+01, -0.464404088631272E+01) | Ra/Lat: (39.37426778, 55.00983265) F
(Time, ID): (11.050000000000, 14bay2) | (M, Li): (0.1540727265E+01, -0.215988782793283E+01) | Ra/Lat: (39.37426778, 55.00983265) F
(Time, ID): (11.050000000000, 15bay2) | (M, Li): (0.1761300506E+01, -0.972727121785283E+01) | Ra/Lat: (39.37426778, 55.00983265) F
(Time, ID): (11.050000000000, 18bay2) | (M, Li): (0.2187899030E+01, -0.546954675391316E+01) | Ra/Lat: (39.37426778, 55.00983265) F
(Time, ID): (11.050000000000, 28bay2) | (M, Li): (0.2203395575E+01, -0.766155528277159E+01) | Ra/Lat: (39.37426778, 55.00983265) F
(Time, ID): (11.050000000000, 8bili) | (M, Li): (0.2632755954E+01, -0.526878963783383E+01) | Ra/Lat: (8.51897436, 67.94251578) F
(Time, ID): (11.050000000000, 9bili) | (M, Li): (0.2490481519E+01, -0.597282762452960E+01) | Ra/Lat: (8.51897436, 67.94251578) F
(Time, ID): (11.050000000000, 11bili) | (M, Li): (0.1265981601E+01, -0.643676365166903E+01) | Ra/Lat: (8.51897436, 67.94251578) F
(Time, ID): (11.050000000000, 14bili) | (M, Li): (0.2307266754E+01, -0.383865393325686E+01) | Ra/Lat: (8.51897436, 67.94251578) F
(Time, ID): (11.050000000000, 15bili) | (M, Li): (0.2367492183E+01, -0.530485145002604E+01) | Ra/Lat: (8.51897436, 67.94251578) F
(Time, ID): (11.050000000000, 18bili) | (M, Li): (0.2269218681E+01, -0.419165557995439E+01) | Ra/Lat: (8.51897436, 67.94251578) F
(Time, ID): (11.050000000000, 28bili) | (M, Li): (0.1455212253E+01, -0.809177382290363E+01) | Ra/Lat: (8.51897436, 67.94251578) F
(Time, ID): (11.050000000000, 7bjfs) | (M, Li): (0.1840309852E+01, -0.128594158664346E+02) | Ra/Lat: (317.97349651, 39.41969700) F
(Time, ID): (11.050000000000, 8bjfs) | (M, Li): (0.1278986907E+01, -0.189134734012187E+02) | Ra/Lat: (317.97349651, 39.41969700) F
(Time, ID): (11.050000000000, 11bjfs) | (M, Li): (0.1051794471E+01, -0.224911055415869E+02) | Ra/Lat: (317.97349651, 39.41969700) F
(Time, ID): (11.050000000000, 20bjfs) | (M, Li): (0.2221460633E+01, -0.887144930288196E+01) | Ra/Lat: (317.97349651, 39.41969700) F
(Time, ID): (11.050000000000, 27bjfs) | (M, Li): (0.1689821585E+01, -0.190344783887267E+02) | Ra/Lat: (317.97349651, 39.41969700) F
(Time, ID): (11.050000000000, 28bjfs) | (M, Li): (0.1225309737E+01, -0.154310120791197E+02) | Ra/Lat: (317.97349651, 39.41969700) F
(Time, ID): (11.050000000000, 7bor1) | (M, Li): (0.1439815860E+01, -0.709727224707603E+01) | Ra/Lat: (219.15446757, 52.09055401) T
(Time, ID): (11.050000000000, 9bor1) | (M, Li): (0.1348268543E+01, -0.532204372063279E+01) | Ra/Lat: (219.15446757, 52.09055401) T
(Time, ID): (11.050000000000, 18bor1) | (M, Li): (0.1790202717E+01, -0.525163625925779E+01) | Ra/Lat: (219.15446757, 52.09055401) F
(Time, ID): (11.050000000000, 26bor1) | (M, Li): (0.1072289377E+01, -0.405893172696233E+01) | Ra/Lat: (219.15446757, 52.09055401) T
(Time, ID): (11.050000000000, 28bor1) | (M, Li): (0.1323318000E+01, -0.468041154369712E+01) | Ra/Lat: (219.15446757, 52.09055401) T
(Time, ID): (11.050000000000, 29bor1) | (M, Li): (0.1221452667E+01, -0.438628955557942E+01) | Ra/Lat: (219.15446757, 52.09055401) T
(Time, ID): (11.050000000000, 6braz) | (M, Li): (0.1496315542E+01, -0.127425284385681E+02) | Ra/Lat: (154.20314315, -15.84611208) T
(Time, ID): (11.050000000000, 17braz) | (M, Li): (0.1228269152E+01, -0.110769291855395E+02) | Ra/Lat: (154.20314315, -15.84611208) T
(Time, ID): (11.050000000000, 21braz) | (M, Li): (0.1243148803E+01, -0.927480620518327E+01) | Ra/Lat: (154.20314315, -15.84611208) T
(Time, ID): (11.050000000000, 30braz) | (M, Li): (0.1058169162E+01, -0.880850946158171E+01) | Ra/Lat: (154.20314315, -15.84611208) T
(Time, ID): (11.050000000000, 6bue1) | (M, Li): (0.1105204610E+01, -0.776746859028935E+01) | Ra/Lat: (143.56171264, -34.39409826) T
(Time, ID): (11.050000000000, 10bue1) | (M, Li): (0.1770166863E+01, -0.114185808449984E+02) | Ra/Lat: (143.56171264, -34.39409826) T
(Time, ID): (11.050000000000, 17bue1) | (M, Li): (0.1103346467E+01, -0.835395753756166E+01) | Ra/Lat: (143.56171264, -34.39409826) T
(Time, ID): (11.050000000000, 21bue1) | (M, Li): (0.1334606510E+01, -0.749950052797794E+01) | Ra/Lat: (143.56171264, -34.39409826) T
(Time, ID): (11.050000000000, 24bue1) | (M, Li): (0.2327058406E+01, -0.153596594668925E+02) | Ra/Lat: (143.56171264, -34.39409826) T
(Time, ID): (11.050000000000, 25bue1) | (M, Li): (0.1771300118E+01, -0.948902224004269E+01) | Ra/Lat: (143.56171264, -34.39409826) T
(Time, ID): (11.050000000000, 30bue1) | (M, Li): (0.1015433146E+01, -0.678219025209546E+01) | Ra/Lat: (143.56171264, -34.39409826) T
(Time, ID): (11.050000000000, 1cas1) | (M, Li): (0.1111398580E+01, -0.700466245412827E+00) | Ra/Lat: (312.60071817, -66.14131919) F
(Time, ID): (11.050000000000, 2cas1) | (M, Li): (0.2049488384E+01, -0.449638548120856E+01) | Ra/Lat: (312.60071817, -66.14131919) F
(Time, ID): (11.050000000000, 4cas1) | (M, Li): (0.1432336031E+01, 0.781877227127552E-01) | Ra/Lat: (312.60071817, -66.14131919) F
(Time, ID): (11.050000000000, 6cas1) | (M, Li): (0.2328613314E+01, -0.201272013783455E+01) | Ra/Lat: (312.60071817, -66.14131919) T
(Time, ID): (11.050000000000, 13cas1) | (M, Li): (0.1043545890E+01, 0.104885260760784E+01) | Ra/Lat: (312.60071817, -66.14131919) F
(Time, ID): (11.050000000000, 16cas1) | (M, Li): (0.1825140046E+01, -0.283645875751972E-01) | Ra/Lat: (312.60071817, -66.14131919) F
(Time, ID): (11.050000000000, 17cas1) | (M, Li): (0.2557105957E+01, -0.205465016886592E+01) | Ra/Lat: (312.60071817, -66.14131919) T
(Time, ID): (11.050000000000, 20cas1) | (M, Li): (0.2275225812E+01, 0.177798269689083E+01) | Ra/Lat: (312.60071817, -66.14131919) F
(Time, ID): (11.050000000000, 24cas1) | (M, Li): (0.1409154689E+01, -0.339891628548503E+01) | Ra/Lat: (312.60071817, -66.14131919) F
(Time, ID): (11.050000000000, 25cas1) | (M, Li): (0.2571562959E+01, -0.217225733399391E+01) | Ra/Lat: (312.60071817, -66.14131919) T
(Time, ID): (11.050000000000, 27cas1) | (M, Li): (0.2254264672E+01, -0.503434089198709E+01) | Ra/Lat: (312.60071817, -66.14131919) F
(Time, ID): (11.050000000000, 9casc) | (M, Li): (0.1116309191E+01, -0.133925035595894E+01) | Ra/Lat: (192.66249063, 38.50577506) T
(Time, ID): (11.050000000000, 18casc) | (M, Li): (0.1432665421E+01, -0.172043520957232E+01) | Ra/Lat: (192.66249063, 38.50577506) T
(Time, ID): (11.050000000000, 26casc) | (M, Li): (0.1064986831E+01, -0.150158938392997E+01) | Ra/Lat: (192.66249063, 38.50577506) T
(Time, ID): (11.050000000000, 29casc) | (M, Li): (0.1235181650E+01, -0.256826457008719E+01) | Ra/Lat: (192.66249063, 38.50577506) T
(Time, ID): (11.050000000000, 9ceda) | (M, Li): (0.1927964803E+01, -0.217609545588493E+01) | Ra/Lat: (89.22053163, 40.49059538) F
(Time, ID): (11.050000000000, 14ceda) | (M, Li): (0.1121814678E+01, -0.522174430638552E+01) | Ra/Lat: (89.22053163, 40.49059538) F
(Time, ID): (11.050000000000, 15ceda) | (M, Li): (0.1047122208E+01, -0.317536888644099E+01) | Ra/Lat: (89.22053163, 40.49059538) F
(Time, ID): (11.050000000000, 18ceda) | (M, Li): (0.1359858233E+01, -0.436203221604228E+01) | Ra/Lat: (89.22053163, 40.49059538) F
(Time, ID): (11.050000000000, 21ceda) | (M, Li): (0.1990168448E+01, -0.412489242479205E+01) | Ra/Lat: (89.22053163, 40.49059538) F
(Time, ID): (11.050000000000, 1chat) | (M, Li): (0.1155705509E+01, -0.138183083906770E+02) | Ra/Lat: (25.51517140, -43.76351598) F
(Time, ID): (11.050000000000, 2chat) | (M, Li): (0.1100198798E+01, -0.142480597607791E+02) | Ra/Lat: (25.51517140, -43.76351598) F
(Time, ID): (11.050000000000, 6chat) | (M, Li): (0.2384383947E+01, -0.957171598076820E+01) | Ra/Lat: (25.51517140, -43.76351598) F
(Time, ID): (11.050000000000, 13chat) | (M, Li): (0.1840721699E+01, -0.394467336311936E+01) | Ra/Lat: (25.51517140, -43.76351598) F
(Time, ID): (11.050000000000, 16chat) | (M, Li): (0.1019778810E+01, -0.179172908663750E+02) | Ra/Lat: (25.51517140, -43.76351598) F
(Time, ID): (11.050000000000, 20chat) | (M, Li): (0.1536317905E+01, -0.126527143940330E+02) | Ra/Lat: (25.51517140, -43.76351598) F
(Time, ID): (11.050000000000, 25chat) | (M, Li): (0.1469211785E+01, -0.231533359624445E+02) | Ra/Lat: (25.51517140, -43.76351598) F
(Time, ID): (11.050000000000, 1coco) | (M, Li): (0.2158710381E+01, -0.289914194084704E+02) | Ra/Lat: (298.91498021, -12.10917075) F
(Time, ID): (11.050000000000, 4coco) | (M, Li): (0.1244098374E+01, -0.119829061441123E+02) | Ra/Lat: (298.91498021, -12.10917075) F
(Time, ID): (11.050000000000, 7coco) | (M, Li): (0.1961440703E+01, -0.102734653428197E+02) | Ra/Lat: (298.91498021, -12.10917075) F
(Time, ID): (11.050000000000, 8coco) | (M, Li): (0.1251257409E+01, -0.361359027549624E+02) | Ra/Lat: (298.91498021, -12.10917075) F
(Time, ID): (11.050000000000, 11coco) | (M, Li): (0.2417739451E+01, 0.778898458182812E+01) | Ra/Lat: (298.91498021, -12.10917075) F
(Time, ID): (11.050000000000, 13coco) | (M, Li): (0.1480284208E+01, -0.332158645018935E+02) | Ra/Lat: (298.91498021, -12.10917075) F
(Time, ID): (11.050000000000, 20coco) | (M, Li): (0.1882428868E+01, -0.123967350684106E+02) | Ra/Lat: (298.91498021, -12.10917075) F
(Time, ID): (11.050000000000, 24coco) | (M, Li): (0.2574786510E+01, -0.769102969393134E+01) | Ra/Lat: (298.91498021, -12.10917075) T
(Time, ID): (11.050000000000, 27coco) | (M, Li): (0.1011149713E+01, -0.386795375831425E+02) | Ra/Lat: (298.91498021, -12.10917075) F
(Time, ID): (11.050000000000, 6coyq) | (M, Li): (0.1009761774E+01, -0.161754928864539E+02) | Ra/Lat: (130.18893138, -45.32195192) F
(Time, ID): (11.050000000000, 10coyq) | (M, Li): (0.2137624724E+01, -0.123697152175009E+02) | Ra/Lat: (130.18893138, -45.32195192) T
(Time, ID): (11.050000000000, 16coyq) | (M, Li): (0.2434846302E+01, -0.865644044801593E+01) | Ra/Lat: (130.18893138, -45.32195192) F
(Time, ID): (11.050000000000, 17coyq) | (M, Li): (0.1177331520E+01, -0.143997961059213E+02) | Ra/Lat: (130.18893138, -45.32195192) F
(Time, ID): (11.050000000000, 21coyq) | (M, Li): (0.1512746528E+01, -0.920160961151123E+01) | Ra/Lat: (130.18893138, -45.32195192) T
(Time, ID): (11.050000000000, 24coyq) | (M, Li): (0.2250576972E+01, -0.134227443486452E+02) | Ra/Lat: (130.18893138, -45.32195192) T
(Time, ID): (11.050000000000, 25coyq) | (M, Li): (0.1369346016E+01, -0.880985835939646E+01) | Ra/Lat: (130.18893138, -45.32195192) F
(Time, ID): (11.050000000000, 30coyq) | (M, Li): (0.1120356055E+01, -0.117128406204283E+02) | Ra/Lat: (130.18893138, -45.32195192) F
(Time, ID): (11.050000000000, 9dubo) | (M, Li): (0.1415405138E+01, -0.223085196688771E+01) | Ra/Lat: (106.21483210, 50.06950998) F
(Time, ID): (11.050000000000, 14dubo) | (M, Li): (0.1379965513E+01, -0.151521265879273E+01) | Ra/Lat: (106.21483210, 50.06950998) F
(Time, ID): (11.050000000000, 15dubo) | (M, Li): (0.1096762855E+01, 0.220705833286047E+00) | Ra/Lat: (106.21483210, 50.06950998) F
(Time, ID): (11.050000000000, 18dubo) | (M, Li): (0.1126099524E+01, -0.145229466259480E+00) | Ra/Lat: (106.21483210, 50.06950998) F
(Time, ID): (11.050000000000, 21dubo) | (M, Li): (0.2024220946E+01, -0.259547983109951E+01) | Ra/Lat: (106.21483210, 50.06950998) F
(Time, ID): (11.050000000000, 1dum1) | (M, Li): (0.1037036811E+01, -0.373551787436008E+01) | Ra/Lat: (342.08294536, -66.52479004) F
(Time, ID): (11.050000000000, 2dum1) | (M, Li): (0.1641884563E+01, -0.906303146481514E+01) | Ra/Lat: (342.08294536, -66.52479004) F
(Time, ID): (11.050000000000, 4dum1) | (M, Li): (0.1794146063E+01, -0.656155133992434E+01) | Ra/Lat: (342.08294536, -66.52479004) F
(Time, ID): (11.050000000000, 6dum1) | (M, Li): (0.2169451631E+01, -0.900728655233979E+01) | Ra/Lat: (342.08294536, -66.52479004) F
(Time, ID): (11.050000000000, 13dum1) | (M, Li): (0.1124953126E+01, -0.875992850959301E+01) | Ra/Lat: (342.08294536, -66.52479004) F
(Time, ID): (11.050000000000, 16dum1) | (M, Li): (0.1435731922E+01, -0.457335760444403E+01) | Ra/Lat: (342.08294536, -66.52479004) F
(Time, ID): (11.050000000000, 17dum1) | (M, Li): (0.2655860259E+01, -0.669171516597271E+01) | Ra/Lat: (342.08294536, -66.52479004) F
(Time, ID): (11.050000000000, 20dum1) | (M, Li): (0.2015129354E+01, -0.450056585296988E+01) | Ra/Lat: (342.08294536, -66.52479004) F
(Time, ID): (11.050000000000, 24dum1) | (M, Li): (0.1705968056E+01, -0.902479270845652E+01) | Ra/Lat: (342.08294536, -66.52479004) F
(Time, ID): (11.050000000000, 25dum1) | (M, Li): (0.2122451909E+01, -0.868570038303733E+01) | Ra/Lat: (342.08294536, -66.52479004) F
(Time, ID): (11.050000000000, 27dum1) | (M, Li): (0.2528266756E+01, -0.627619579061866E+01) | Ra/Lat: (342.08294536, -66.52479004) F
(Time, ID): (11.050000000000, 6eisl) | (M, Li): (0.1340074456E+01, -0.123121419511735E+02) | Ra/Lat: (92.69772078, -26.99226077) F
(Time, ID): (11.050000000000, 14eisl) | (M, Li): (0.1810156614E+01, -0.689617007225752E+01) | Ra/Lat: (92.69772078, -26.99226077) F
(Time, ID): (11.050000000000, 16eisl) | (M, Li): (0.1673294711E+01, -0.821096888557076E+01) | Ra/Lat: (92.69772078, -26.99226077) F
(Time, ID): (11.050000000000, 21eisl) | (M, Li): (0.1439964873E+01, -0.326516406610608E+01) | Ra/Lat: (92.69772078, -26.99226077) F
(Time, ID): (11.050000000000, 25eisl) | (M, Li): (0.1057873268E+01, -0.979439176246524E+01) | Ra/Lat: (92.69772078, -26.99226077) F
(Time, ID): (11.050000000000, 30eisl) | (M, Li): (0.1850186037E+01, -0.742971583455801E+01) | Ra/Lat: (92.69772078, -26.99226077) F
(Time, ID): (11.050000000000, 17fort) | (M, Li): (0.1441028156E+01, -0.329210727661848E+01) | Ra/Lat: (163.65539974, -3.85156693) F
(Time, ID): (11.050000000000, 21fort) | (M, Li): (0.1391323139E+01, -0.480100804939866E+01) | Ra/Lat: (163.65539974, -3.85156693) F
(Time, ID): (11.050000000000, 30fort) | (M, Li): (0.1221773985E+01, -0.682199452444911E+01) | Ra/Lat: (163.65539974, -3.85156693) F
(Time, ID): (11.050000000000, 9freo) | (M, Li): (0.1272946023E+01, 0.752828944474459E+00) | Ra/Lat: (120.82317279, 40.01204215) F
(Time, ID): (11.050000000000, 14freo) | (M, Li): (0.1513296201E+01, 0.327979098632932E+01) | Ra/Lat: (120.82317279, 40.01204215) F
(Time, ID): (11.050000000000, 15freo) | (M, Li): (0.1082369416E+01, 0.242576281353831E+01) | Ra/Lat: (120.82317279, 40.01204215) F
(Time, ID): (11.050000000000, 18freo) | (M, Li): (0.1049908118E+01, 0.324165859445930E+01) | Ra/Lat: (120.82317279, 40.01204215) F
(Time, ID): (11.050000000000, 21freo) | (M, Li): (0.1544335638E+01, 0.333659015968442E+01) | Ra/Lat: (120.82317279, 40.01204215) F
(Time, ID): (11.050000000000, 7glsv) | (M, Li): (0.1262854716E+01, -0.112801854014397E+02) | Ra/Lat: (232.57774351, 50.17501111) T
(Time, ID): (11.050000000000, 8glsv) | (M, Li): (0.2020573379E+01, -0.140420160554349E+02) | Ra/Lat: (232.57774351, 50.17501111) T
(Time, ID): (11.050000000000, 9glsv) | (M, Li): (0.1581922494E+01, -0.116552635394037E+02) | Ra/Lat: (232.57774351, 50.17501111) T
(Time, ID): (11.050000000000, 26glsv) | (M, Li): (0.1102547180E+01, -0.904235861450434E+01) | Ra/Lat: (232.57774351, 50.17501111) T
(Time, ID): (11.050000000000, 28glsv) | (M, Li): (0.1203186634E+01, -0.869087858498096E+01) | Ra/Lat: (232.57774351, 50.17501111) T
(Time, ID): (11.050000000000, 29glsv) | (M, Li): (0.1204303197E+01, -0.101056734435260E+02) | Ra/Lat: (232.57774351, 50.17501111) T
(Time, ID): (11.050000000000, 9grnr) | (M, Li): (0.2163861824E+01, -0.408363237231970E+01) | Ra/Lat: (53.10267417, 63.68315270) F
(Time, ID): (11.050000000000, 11grnr) | (M, Li): (0.1700470230E+01, -0.387771266698837E+01) | Ra/Lat: (53.10267417, 63.68315270) F
(Time, ID): (11.050000000000, 14grnr) | (M, Li): (0.1593408613E+01, -0.341700049489737E+01) | Ra/Lat: (53.10267417, 63.68315270) F
(Time, ID): (11.050000000000, 15grnr) | (M, Li): (0.1590075600E+01, -0.381996983289719E+01) | Ra/Lat: (53.10267417, 63.68315270) F
(Time, ID): (11.050000000000, 18grnr) | (M, Li): (0.1733169049E+01, -0.280891460180283E+01) | Ra/Lat: (53.10267417, 63.68315270) F
(Time, ID): (11.050000000000, 28grnr) | (M, Li): (0.2035001865E+01, -0.448129183426499E+01) | Ra/Lat: (53.10267417, 63.68315270) F
(Time, ID): (11.050000000000, 2guam) | (M, Li): (0.1697197249E+01, -0.297688778266311E+02) | Ra/Lat: (346.94937324, 13.50170104) F
(Time, ID): (11.050000000000, 8guam) | (M, Li): (0.1995326190E+01, -0.228439839594066E+02) | Ra/Lat: (346.94937324, 13.50170104) F
(Time, ID): (11.050000000000, 11guam) | (M, Li): (0.1204460426E+01, -0.319190895147622E+02) | Ra/Lat: (346.94937324, 13.50170104) F
(Time, ID): (11.050000000000, 20guam) | (M, Li): (0.1158190092E+01, -0.242721217237413E+02) | Ra/Lat: (346.94937324, 13.50170104) F
(Time, ID): (11.050000000000, 27guam) | (M, Li): (0.1731304308E+01, -0.189582947604358E+02) | Ra/Lat: (346.94937324, 13.50170104) F
(Time, ID): (11.050000000000, 2hnlc) | (M, Li): (0.1951267039E+01, -0.608542794734240E+01) | Ra/Lat: (44.21646818, 21.17334574) F
(Time, ID): (11.050000000000, 11hnlc) | (M, Li): (0.2192342458E+01, -0.483560181409121E+01) | Ra/Lat: (44.21646818, 21.17334574) F
(Time, ID): (11.050000000000, 14hnlc) | (M, Li): (0.1221375336E+01, -0.334918913953006E+02) | Ra/Lat: (44.21646818, 21.17334574) F
(Time, ID): (11.050000000000, 15hnlc) | (M, Li): (0.1852340193E+01, -0.441501985676587E+02) | Ra/Lat: (44.21646818, 21.17334574) F
(Time, ID): (11.050000000000, 16hnlc) | (M, Li): (0.2337348645E+01, -0.133100954815745E+01) | Ra/Lat: (44.21646818, 21.17334574) F
(Time, ID): (11.050000000000, 20hnlc) | (M, Li): (0.2237263790E+01, -0.118237678408623E+02) | Ra/Lat: (44.21646818, 21.17334574) F
(Time, ID): (11.050000000000, 1hob2) | (M, Li): (0.1033505691E+01, -0.942973176762462E+01) | Ra/Lat: (349.51974601, -42.61290614) F
(Time, ID): (11.050000000000, 2hob2) | (M, Li): (0.1195072036E+01, -0.148825118802488E+02) | Ra/Lat: (349.51974601, -42.61290614) F
(Time, ID): (11.050000000000, 4hob2) | (M, Li): (0.2113793131E+01, -0.146918085590005E+01) | Ra/Lat: (349.51974601, -42.61290614) F
(Time, ID): (11.050000000000, 13hob2) | (M, Li): (0.1256097273E+01, -0.721398468688130E+01) | Ra/Lat: (349.51974601, -42.61290614) F
(Time, ID): (11.050000000000, 16hob2) | (M, Li): (0.1331006339E+01, -0.124253852069378E+02) | Ra/Lat: (349.51974601, -42.61290614) F
(Time, ID): (11.050000000000, 20hob2) | (M, Li): (0.1258078287E+01, -0.553797635808587E+01) | Ra/Lat: (349.51974601, -42.61290614) F
(Time, ID): (11.050000000000, 24hob2) | (M, Li): (0.2654730855E+01, -0.975014194846153E-01) | Ra/Lat: (349.51974601, -42.61290614) F
(Time, ID): (11.050000000000, 25hob2) | (M, Li): (0.2496066848E+01, -0.925963617861271E+01) | Ra/Lat: (349.51974601, -42.61290614) F
(Time, ID): (11.050000000000, 27hob2) | (M, Li): (0.2022639791E+01, -0.549230708181858E+01) | Ra/Lat: (349.51974601, -42.61290614) F
(Time, ID): (11.050000000000, 9holm) | (M, Li): (0.1595729421E+01, -0.363758658617735E+01) | Ra/Lat: (84.31977804, 70.61613014) F
(Time, ID): (11.050000000000, 11holm) | (M, Li): (0.2080925520E+01, -0.615334708243608E+00) | Ra/Lat: (84.31977804, 70.61613014) F
(Time, ID): (11.050000000000, 14holm) | (M, Li): (0.1752023345E+01, -0.492842907831073E+01) | Ra/Lat: (84.31977804, 70.61613014) F
(Time, ID): (11.050000000000, 15holm) | (M, Li): (0.1480731319E+01, -0.432404241710901E+01) | Ra/Lat: (84.31977804, 70.61613014) F
(Time, ID): (11.050000000000, 18holm) | (M, Li): (0.1360835789E+01, -0.252869899943471E+01) | Ra/Lat: (84.31977804, 70.61613014) F
(Time, ID): (11.050000000000, 26holm) | (M, Li): (0.2575673922E+01, -0.412386272475123E+01) | Ra/Lat: (84.31977804, 70.61613014) T
(Time, ID): (11.050000000000, 4hrao) | (M, Li): (0.1436096951E+01, -0.135335006713867E+02) | Ra/Lat: (229.76799196, -25.73927614) T
(Time, ID): (11.050000000000, 10hrao) | (M, Li): (0.1147109274E+01, -0.123639411292970E+02) | Ra/Lat: (229.76799196, -25.73927614) T
(Time, ID): (11.050000000000, 24hrao) | (M, Li): (0.1209172554E+01, -0.127018025293946E+02) | Ra/Lat: (229.76799196, -25.73927614) T
(Time, ID): (11.050000000000, 7hrm1) | (M, Li): (0.1784244466E+01, -0.116900693587959E+02) | Ra/Lat: (200.79712116, 51.26604601) T
(Time, ID): (11.050000000000, 9hrm1) | (M, Li): (0.1151525441E+01, -0.771024342626333E+01) | Ra/Lat: (200.79712116, 51.26604601) T
(Time, ID): (11.050000000000, 18hrm1) | (M, Li): (0.1449157947E+01, -0.794606074690819E+01) | Ra/Lat: (200.79712116, 51.26604601) T
(Time, ID): (11.050000000000, 26hrm1) | (M, Li): (0.1079839058E+01, -0.767209422960877E+01) | Ra/Lat: (200.79712116, 51.26604601) T
(Time, ID): (11.050000000000, 28hrm1) | (M, Li): (0.1589013000E+01, -0.910126378387213E+01) | Ra/Lat: (200.79712116, 51.26604601) T
(Time, ID): (11.050000000000, 29hrm1) | (M, Li): (0.1290434184E+01, -0.865993642807007E+01) | Ra/Lat: (200.79712116, 51.26604601) T
(Time, ID): (11.050000000000, 4iisc) | (M, Li): (0.1654934089E+01, -0.179252441264689E+02) | Ra/Lat: (279.65138684, 12.93694963) T
(Time, ID): (11.050000000000, 7iisc) | (M, Li): (0.1137051138E+01, -0.336933967657387E+02) | Ra/Lat: (279.65138684, 12.93694963) F
(Time, ID): (11.050000000000, 8iisc) | (M, Li): (0.1028055057E+01, -0.329886180907488E+02) | Ra/Lat: (279.65138684, 12.93694963) F
(Time, ID): (11.050000000000, 11iisc) | (M, Li): (0.2100191776E+01, -0.199336322955787E+02) | Ra/Lat: (279.65138684, 12.93694963) T
(Time, ID): (11.050000000000, 27iisc) | (M, Li): (0.1217920520E+01, -0.137214427776635E+02) | Ra/Lat: (279.65138684, 12.93694963) T
(Time, ID): (11.050000000000, 28iisc) | (M, Li): (0.1493882456E+01, -0.151519269421697E+02) | Ra/Lat: (279.65138684, 12.93694963) T
(Time, ID): (11.050000000000, 29iisc) | (M, Li): (0.1967285103E+01, -0.243550415597856E+02) | Ra/Lat: (279.65138684, 12.93694963) T
(Time, ID): (11.050000000000, 7irkt) | (M, Li): (0.1598192870E+01, -0.140544400885701E+02) | Ra/Lat: (306.39725163, 52.03253682) F
(Time, ID): (11.050000000000, 8irkt) | (M, Li): (0.1365103514E+01, -0.179632486552000E+02) | Ra/Lat: (306.39725163, 52.03253682) F
(Time, ID): (11.050000000000, 11irkt) | (M, Li): (0.1140659804E+01, -0.116290451958776E+02) | Ra/Lat: (306.39725163, 52.03253682) F
(Time, ID): (11.050000000000, 27irkt) | (M, Li): (0.2133065933E+01, -0.132501291632652E+02) | Ra/Lat: (306.39725163, 52.03253682) F
(Time, ID): (11.050000000000, 28irkt) | (M, Li): (0.1061348622E+01, -0.121458787769079E+02) | Ra/Lat: (306.39725163, 52.03253682) F
(Time, ID): (11.050000000000, 1jab1) | (M, Li): (0.1555879628E+01, -0.439610495083034E+02) | Ra/Lat: (334.97490905, -12.57681313) F
(Time, ID): (11.050000000000, 2jab1) | (M, Li): (0.1461567876E+01, -0.203927806541324E+02) | Ra/Lat: (334.97490905, -12.57681313) F
(Time, ID): (11.050000000000, 4jab1) | (M, Li): (0.2159906999E+01, -0.925149847567081E+01) | Ra/Lat: (334.97490905, -12.57681313) F
(Time, ID): (11.050000000000, 8jab1) | (M, Li): (0.1944257725E+01, -0.276891994550824E+02) | Ra/Lat: (334.97490905, -12.57681313) F
(Time, ID): (11.050000000000, 11jab1) | (M, Li): (0.1913788996E+01, -0.154319392330945E+02) | Ra/Lat: (334.97490905, -12.57681313) F
(Time, ID): (11.050000000000, 13jab1) | (M, Li): (0.1675303357E+01, -0.428208706676960E+02) | Ra/Lat: (334.97490905, -12.57681313) F
(Time, ID): (11.050000000000, 16jab1) | (M, Li): (0.2280218681E+01, -0.142650152407587E+02) | Ra/Lat: (334.97490905, -12.57681313) F
(Time, ID): (11.050000000000, 20jab1) | (M, Li): (0.1071661583E+01, -0.532370219118893E+02) | Ra/Lat: (334.97490905, -12.57681313) F
(Time, ID): (11.050000000000, 27jab1) | (M, Li): (0.1291920559E+01, -0.340163685046136E+02) | Ra/Lat: (334.97490905, -12.57681313) F
(Time, ID): (11.050000000000, 1kerg) | (M, Li): (0.1624153524E+01, -0.636859106644988E+01) | Ra/Lat: (272.33653387, -49.16116465) T
(Time, ID): (11.050000000000, 4kerg) | (M, Li): (0.1058880115E+01, -0.808328456804156E+01) | Ra/Lat: (272.33653387, -49.16116465) F
(Time, ID): (11.050000000000, 10kerg) | (M, Li): (0.2037362974E+01, -0.199081061594188E+02) | Ra/Lat: (272.33653387, -49.16116465) T
(Time, ID): (11.050000000000, 13kerg) | (M, Li): (0.1098333120E+01, -0.232011673413217E+02) | Ra/Lat: (272.33653387, -49.16116465) F
(Time, ID): (11.050000000000, 24kerg) | (M, Li): (0.1156867879E+01, -0.995497557148337E+01) | Ra/Lat: (272.33653387, -49.16116465) F
(Time, ID): (11.050000000000, 27kerg) | (M, Li): (0.1775368395E+01, -0.829089319705963E+01) | Ra/Lat: (272.33653387, -49.16116465) T
(Time, ID): (11.050000000000, 9kodk) | (M, Li): (0.2427483959E+01, -0.396082884073257E+01) | Ra/Lat: (49.57963579, 57.56113487) F
(Time, ID): (11.050000000000, 11kodk) | (M, Li): (0.1680848174E+01, -0.456816709786654E+01) | Ra/Lat: (49.57963579, 57.56113487) F
(Time, ID): (11.050000000000, 14kodk) | (M, Li): (0.1472385912E+01, -0.116149048879743E+01) | Ra/Lat: (49.57963579, 57.56113487) F
(Time, ID): (11.050000000000, 15kodk) | (M, Li): (0.1577207668E+01, -0.604463544860482E+01) | Ra/Lat: (49.57963579, 57.56113487) F
(Time, ID): (11.050000000000, 18kodk) | (M, Li): (0.1901407488E+01, -0.450784206017852E+01) | Ra/Lat: (49.57963579, 57.56113487) F
(Time, ID): (11.050000000000, 9kour) | (M, Li): (0.1506671570E+01, -0.708732946589589E+01) | Ra/Lat: (149.27505256, 5.21721527) T
(Time, ID): (11.050000000000, 17kour) | (M, Li): (0.1836650508E+01, -0.149036770872772E+02) | Ra/Lat: (149.27505256, 5.21721527) T
(Time, ID): (11.050000000000, 18kour) | (M, Li): (0.1468872799E+01, -0.765344498306513E+01) | Ra/Lat: (149.27505256, 5.21721527) T
(Time, ID): (11.050000000000, 21kour) | (M, Li): (0.1153511802E+01, -0.489115348458290E+01) | Ra/Lat: (149.27505256, 5.21721527) T
(Time, ID): (11.050000000000, 30kour) | (M, Li): (0.1367262985E+01, -0.704772510752082E+01) | Ra/Lat: (149.27505256, 5.21721527) T
(Time, ID): (11.050000000000, 7kulu) | (M, Li): (0.2600624711E+01, -0.141771643497050E+02) | Ra/Lat: (164.93165678, 65.43414111) T
(Time, ID): (11.050000000000, 9kulu) | (M, Li): (0.1101469470E+01, -0.347956534475088E+01) | Ra/Lat: (164.93165678, 65.43414111) F
(Time, ID): (11.050000000000, 14kulu) | (M, Li): (0.2661361550E+01, -0.723197585344315E+01) | Ra/Lat: (164.93165678, 65.43414111) T
(Time, ID): (11.050000000000, 15kulu) | (M, Li): (0.1838725277E+01, -0.300472148507833E+01) | Ra/Lat: (164.93165678, 65.43414111) F
(Time, ID): (11.050000000000, 18kulu) | (M, Li): (0.1149268854E+01, -0.216447454318404E+01) | Ra/Lat: (164.93165678, 65.43414111) F
(Time, ID): (11.050000000000, 26kulu) | (M, Li): (0.1477005122E+01, -0.164807401970029E+01) | Ra/Lat: (164.93165678, 65.43414111) F
(Time, ID): (11.050000000000, 28kulu) | (M, Li): (0.1766592148E+01, -0.275540383905172E+01) | Ra/Lat: (164.93165678, 65.43414111) F
(Time, ID): (11.050000000000, 29kulu) | (M, Li): (0.2038333911E+01, -0.676177719980478E+01) | Ra/Lat: (164.93165678, 65.43414111) T
(Time, ID): (11.050000000000, 7kunm) | (M, Li): (0.1507906276E+01, -0.324232285432518E+02) | Ra/Lat: (304.87820742, 24.88237004) F
(Time, ID): (11.050000000000, 8kunm) | (M, Li): (0.1058770482E+01, -0.703708054497838E+01) | Ra/Lat: (304.87820742, 24.88237004) F
(Time, ID): (11.050000000000, 11kunm) | (M, Li): (0.1252385025E+01, -0.317746392823756E+02) | Ra/Lat: (304.87820742, 24.88237004) F
(Time, ID): (11.050000000000, 28kunm) | (M, Li): (0.1329433199E+01, -0.924381266534328E+01) | Ra/Lat: (304.87820742, 24.88237004) F
(Time, ID): (11.050000000000, 1lae1) | (M, Li): (0.1701567998E+01, -0.401642670184374E+02) | Ra/Lat: (349.07419910, -6.62943214) F
(Time, ID): (11.050000000000, 2lae1) | (M, Li): (0.1259361229E+01, -0.371578596644104E+02) | Ra/Lat: (349.07419910, -6.62943214) F
(Time, ID): (11.050000000000, 8lae1) | (M, Li): (0.2410277471E+01, -0.205252870693803E+02) | Ra/Lat: (349.07419910, -6.62943214) F
(Time, ID): (11.050000000000, 11lae1) | (M, Li): (0.1718997545E+01, -0.133206343017519E+02) | Ra/Lat: (349.07419910, -6.62943214) F
(Time, ID): (11.050000000000, 13lae1) | (M, Li): (0.2185989438E+01, -0.861634638532996E+01) | Ra/Lat: (349.07419910, -6.62943214) F
(Time, ID): (11.050000000000, 16lae1) | (M, Li): (0.1976287544E+01, -0.231639524996281E+02) | Ra/Lat: (349.07419910, -6.62943214) F
(Time, ID): (11.050000000000, 20lae1) | (M, Li): (0.1007490732E+01, -0.159984855502844E+02) | Ra/Lat: (349.07419910, -6.62943214) F
(Time, ID): (11.050000000000, 27lae1) | (M, Li): (0.1662437961E+01, -0.177880505062640E+02) | Ra/Lat: (349.07419910, -6.62943214) F
(Time, ID): (11.050000000000, 1mac1) | (M, Li): (0.1008905827E+01, -0.420534427091479E+01) | Ra/Lat: (1.01684511, -54.31739109) F
(Time, ID): (11.050000000000, 2mac1) | (M, Li): (0.1252412322E+01, -0.198531518019736E+02) | Ra/Lat: (1.01684511, -54.31739109) F
(Time, ID): (11.050000000000, 4mac1) | (M, Li): (0.2286755563E+01, -0.235352323949337E+01) | Ra/Lat: (1.01684511, -54.31739109) F
(Time, ID): (11.050000000000, 6mac1) | (M, Li): (0.2465528932E+01, -0.260854518413544E+01) | Ra/Lat: (1.01684511, -54.31739109) F
(Time, ID): (11.050000000000, 13mac1) | (M, Li): (0.1277324878E+01, -0.447929485887289E+01) | Ra/Lat: (1.01684511, -54.31739109) F
(Time, ID): (11.050000000000, 16mac1) | (M, Li): (0.1192073440E+01, -0.158952692449093E+02) | Ra/Lat: (1.01684511, -54.31739109) F
(Time, ID): (11.050000000000, 20mac1) | (M, Li): (0.1549176077E+01, -0.694658910483122E+01) | Ra/Lat: (1.01684511, -54.31739109) F
(Time, ID): (11.050000000000, 24mac1) | (M, Li): (0.2396694457E+01, -0.286753021180630E+01) | Ra/Lat: (1.01684511, -54.31739109) F
(Time, ID): (11.050000000000, 25mac1) | (M, Li): (0.1925967694E+01, -0.266023682802916E+01) | Ra/Lat: (1.01684511, -54.31739109) F
(Time, ID): (11.050000000000, 27mac1) | (M, Li): (0.2576023733E+01, -0.674189090356231E+01) | Ra/Lat: (1.01684511, -54.31739109) F
(Time, ID): (11.050000000000, 4mald) | (M, Li): (0.1389001050E+01, -0.353591173142195E+01) | Ra/Lat: (275.60729703, 4.16073962) T
(Time, ID): (11.050000000000, 7mald) | (M, Li): (0.1178937857E+01, -0.366425268724561E+01) | Ra/Lat: (275.60729703, 4.16073962) T
(Time, ID): (11.050000000000, 8mald) | (M, Li): (0.1091420743E+01, -0.245847962088883E+02) | Ra/Lat: (275.60729703, 4.16073962) F
(Time, ID): (11.050000000000, 11mald) | (M, Li): (0.2537593736E+01, -0.124557543471456E+02) | Ra/Lat: (275.60729703, 4.16073962) T
(Time, ID): (11.050000000000, 27mald) | (M, Li): (0.1203248364E+01, -0.213039351999760E+01) | Ra/Lat: (275.60729703, 4.16073962) T
(Time, ID): (11.050000000000, 28mald) | (M, Li): (0.1799833875E+01, -0.659592239186168E+01) | Ra/Lat: (275.60729703, 4.16073962) T
(Time, ID): (11.050000000000, 4mali) | (M, Li): (0.1534717196E+01, -0.153495313301682E+02) | Ra/Lat: (242.27540666, -2.97589188) T
(Time, ID): (11.050000000000, 7mali) | (M, Li): (0.1261710605E+01, -0.145668828003109E+02) | Ra/Lat: (242.27540666, -2.97589188) T
(Time, ID): (11.050000000000, 8mali) | (M, Li): (0.1833253967E+01, -0.203822089135647E+02) | Ra/Lat: (242.27540666, -2.97589188) T
(Time, ID): (11.050000000000, 10mali) | (M, Li): (0.1612807541E+01, -0.157015495300293E+02) | Ra/Lat: (242.27540666, -2.97589188) T
(Time, ID): (11.050000000000, 24mali) | (M, Li): (0.1866678950E+01, -0.174627471789718E+02) | Ra/Lat: (242.27540666, -2.97589188) T
(Time, ID): (11.050000000000, 26mali) | (M, Li): (0.1662680880E+01, -0.172391073815525E+02) | Ra/Lat: (242.27540666, -2.97589188) T
(Time, ID): (11.050000000000, 29mali) | (M, Li): (0.1262108536E+01, -0.138365432582796E+02) | Ra/Lat: (242.27540666, -2.97589188) T
(Time, ID): (11.050000000000, 7mall) | (M, Li): (0.1644579057E+01, -0.176217649541795E+02) | Ra/Lat: (204.70556566, 39.36379283) T
(Time, ID): (11.050000000000, 9mall) | (M, Li): (0.1230930730E+01, -0.603673572838306E+01) | Ra/Lat: (204.70556566, 39.36379283) T
(Time, ID): (11.050000000000, 18mall) | (M, Li): (0.1674159890E+01, -0.658507584035397E+01) | Ra/Lat: (204.70556566, 39.36379283) T
(Time, ID): (11.050000000000, 26mall) | (M, Li): (0.1014083135E+01, -0.572997824475169E+01) | Ra/Lat: (204.70556566, 39.36379283) T
(Time, ID): (11.050000000000, 29mall) | (M, Li): (0.1126766888E+01, -0.637013149261475E+01) | Ra/Lat: (204.70556566, 39.36379283) T
(Time, ID): (11.050000000000, 9mas1) | (M, Li): (0.1150579081E+01, -0.776558890566230E+01) | Ra/Lat: (186.44773588, 27.60541317) T
(Time, ID): (11.050000000000, 18mas1) | (M, Li): (0.1474062681E+01, -0.804766698181629E+01) | Ra/Lat: (186.44773588, 27.60541317) T
(Time, ID): (11.050000000000, 26mas1) | (M, Li): (0.1139039862E+01, -0.811120565980673E+01) | Ra/Lat: (186.44773588, 27.60541317) T
(Time, ID): (11.050000000000, 29mas1) | (M, Li): (0.1291612758E+01, -0.929873704165220E+01) | Ra/Lat: (186.44773588, 27.60541317) T
(Time, ID): (11.050000000000, 1maw1) | (M, Li): (0.1432939928E+01, -0.266870918497443E+01) | Ra/Lat: (264.95172762, -67.46887845) T
(Time, ID): (11.050000000000, 4maw1) | (M, Li): (0.1313272842E+01, -0.224046846479177E+01) | Ra/Lat: (264.95172762, -67.46887845) T
(Time, ID): (11.050000000000, 6maw1) | (M, Li): (0.2069034628E+01, -0.394797828048468E+01) | Ra/Lat: (264.95172762, -67.46887845) T
(Time, ID): (11.050000000000, 10maw1) | (M, Li): (0.1915166353E+01, -0.412837539240718E+01) | Ra/Lat: (264.95172762, -67.46887845) T
(Time, ID): (11.050000000000, 13maw1) | (M, Li): (0.1135002138E+01, -0.102395471967757E+02) | Ra/Lat: (264.95172762, -67.46887845) F
(Time, ID): (11.050000000000, 17maw1) | (M, Li): (0.1907163546E+01, -0.389564914628863E+01) | Ra/Lat: (264.95172762, -67.46887845) T
(Time, ID): (11.050000000000, 24maw1) | (M, Li): (0.1099461076E+01, -0.273888930678368E+01) | Ra/Lat: (264.95172762, -67.46887845) T
(Time, ID): (11.050000000000, 27maw1) | (M, Li): (0.2523423257E+01, -0.123001795262098E+02) | Ra/Lat: (264.95172762, -67.46887845) T
(Time, ID): (11.050000000000, 2mkea) | (M, Li): (0.1955662679E+01, -0.377037907019258E+01) | Ra/Lat: (46.62467356, 19.67907906) F
(Time, ID): (11.050000000000, 14mkea) | (M, Li): (0.1189247041E+01, -0.281837397143245E+02) | Ra/Lat: (46.62467356, 19.67907906) F
(Time, ID): (11.050000000000, 15mkea) | (M, Li): (0.1793852807E+01, -0.348018221929669E+02) | Ra/Lat: (46.62467356, 19.67907906) F
(Time, ID): (11.050000000000, 16mkea) | (M, Li): (0.2283324587E+01, 0.173107726499438E+01) | Ra/Lat: (46.62467356, 19.67907906) F
(Time, ID): (11.050000000000, 20mkea) | (M, Li): (0.2312571918E+01, -0.120663109123707E+02) | Ra/Lat: (46.62467356, 19.67907906) F
(Time, ID): (11.050000000000, 10nklg) | (M, Li): (0.1228523873E+01, -0.132825231291354E+02) | Ra/Lat: (211.75313638, 0.35153679) T
(Time, ID): (11.050000000000, 29nklg) | (M, Li): (0.1152908674E+01, -0.112853163965046E+02) | Ra/Lat: (211.75313638, 0.35153679) T
(Time, ID): (11.050000000000, 1noum) | (M, Li): (0.1331664842E+01, -0.812003180757165E+01) | Ra/Lat: (8.49121304, -22.13520922) F
(Time, ID): (11.050000000000, 13noum) | (M, Li): (0.2089717530E+01, -0.296145197376609E+01) | Ra/Lat: (8.49121304, -22.13520922) F
(Time, ID): (11.050000000000, 16noum) | (M, Li): (0.1237461911E+01, -0.116691859290004E+02) | Ra/Lat: (8.49121304, -22.13520922) F
(Time, ID): (11.050000000000, 20noum) | (M, Li): (0.1084157029E+01, -0.802859111130238E+01) | Ra/Lat: (8.49121304, -22.13520922) F
(Time, ID): (11.050000000000, 25noum) | (M, Li): (0.2372273323E+01, -0.168745780996978E+02) | Ra/Lat: (8.49121304, -22.13520922) F
(Time, ID): (11.050000000000, 7nril) | (M, Li): (0.1696294905E+01, -0.213587336689234E+02) | Ra/Lat: (290.44079129, 69.23457297) F
(Time, ID): (11.050000000000, 8nril) | (M, Li): (0.1831703088E+01, -0.126249568872154E+02) | Ra/Lat: (290.44079129, 69.23457297) F
(Time, ID): (11.050000000000, 9nril) | (M, Li): (0.2175956434E+01, -0.474730077013373E+01) | Ra/Lat: (290.44079129, 69.23457297) F
(Time, ID): (11.050000000000, 11nril) | (M, Li): (0.1381269685E+01, -0.186084269545972E+02) | Ra/Lat: (290.44079129, 69.23457297) F
(Time, ID): (11.050000000000, 18nril) | (M, Li): (0.2391166056E+01, -0.574772788584232E+01) | Ra/Lat: (290.44079129, 69.23457297) F
(Time, ID): (11.050000000000, 26nril) | (M, Li): (0.1885972525E+01, -0.410905644670129E+01) | Ra/Lat: (290.44079129, 69.23457297) F
(Time, ID): (11.050000000000, 28nril) | (M, Li): (0.1055430701E+01, -0.223898327574134E+02) | Ra/Lat: (290.44079129, 69.23457297) F
(Time, ID): (11.050000000000, 29nril) | (M, Li): (0.2253007137E+01, -0.159213793277740E+01) | Ra/Lat: (290.44079129, 69.23457297) F
(Time, ID): (11.050000000000, 7nyal) | (M, Li): (0.2075404716E+01, -0.192727507688105E+02) | Ra/Lat: (213.94609707, 78.85683753) F
(Time, ID): (11.050000000000, 8nyal) | (M, Li): (0.2644024907E+01, 0.254122437536716E+01) | Ra/Lat: (213.94609707, 78.85683753) F
(Time, ID): (11.050000000000, 9nyal) | (M, Li): (0.1407504799E+01, -0.190835224092007E+01) | Ra/Lat: (213.94609707, 78.85683753) F
(Time, ID): (11.050000000000, 11nyal) | (M, Li): (0.2023023885E+01, 0.160313330963254E+01) | Ra/Lat: (213.94609707, 78.85683753) F
(Time, ID): (11.050000000000, 15nyal) | (M, Li): (0.2423764470E+01, -0.127123233303428E+01) | Ra/Lat: (213.94609707, 78.85683753) F
(Time, ID): (11.050000000000, 18nyal) | (M, Li): (0.1526734687E+01, 0.236453340202570E+01) | Ra/Lat: (213.94609707, 78.85683753) F
(Time, ID): (11.050000000000, 26nyal) | (M, Li): (0.1544689152E+01, 0.499029055237770E+00) | Ra/Lat: (213.94609707, 78.85683753) F
(Time, ID): (11.050000000000, 28nyal) | (M, Li): (0.1265776617E+01, 0.910596996545792E+00) | Ra/Lat: (213.94609707, 78.85683753) F
(Time, ID): (11.050000000000, 29nyal) | (M, Li): (0.2032016825E+01, 0.152373577281833E+01) | Ra/Lat: (213.94609707, 78.85683753) F
(Time, ID): (11.050000000000, 1pala) | (M, Li): (0.2389637247E+01, -0.335017295666039E+02) | Ra/Lat: (336.53125327, 7.27962755) F
(Time, ID): (11.050000000000, 8pala) | (M, Li): (0.1653906898E+01, -0.193827880062163E+02) | Ra/Lat: (336.53125327, 7.27962755) F
(Time, ID): (11.050000000000, 11pala) | (M, Li): (0.1292839307E+01, -0.384280546978116E+02) | Ra/Lat: (336.53125327, 7.27962755) F
(Time, ID): (11.050000000000, 13pala) | (M, Li): (0.2547102357E+01, -0.113904832154512E+02) | Ra/Lat: (336.53125327, 7.27962755) F
(Time, ID): (11.050000000000, 20pala) | (M, Li): (0.1146914488E+01, -0.277477976977825E+02) | Ra/Lat: (336.53125327, 7.27962755) F
(Time, ID): (11.050000000000, 27pala) | (M, Li): (0.1372418826E+01, -0.271585731282830E+02) | Ra/Lat: (336.53125327, 7.27962755) F
(Time, ID): (11.050000000000, 28pala) | (M, Li): (0.2505271145E+01, -0.153036362156272E+02) | Ra/Lat: (336.53125327, 7.27962755) F
(Time, ID): (11.050000000000, 9pbl1) | (M, Li): (0.2298327109E+01, -0.933159521594644E+01) | Ra/Lat: (79.66208018, 37.66673761) F
(Time, ID): (11.050000000000, 14pbl1) | (M, Li): (0.1066780707E+01, -0.661890993267298E+01) | Ra/Lat: (79.66208018, 37.66673761) F
(Time, ID): (11.050000000000, 15pbl1) | (M, Li): (0.1090300686E+01, -0.859214605391026E+01) | Ra/Lat: (79.66208018, 37.66673761) F
(Time, ID): (11.050000000000, 18pbl1) | (M, Li): (0.1574666083E+01, -0.100599730871618E+02) | Ra/Lat: (79.66208018, 37.66673761) F
(Time, ID): (11.050000000000, 21pbl1) | (M, Li): (0.2186697320E+01, -0.775080699846148E+01) | Ra/Lat: (79.66208018, 37.66673761) F
(Time, ID): (11.050000000000, 9pboc) | (M, Li): (0.1966576242E+01, 0.318226743862033E+01) | Ra/Lat: (53.74609889, 70.13372259) F
(Time, ID): (11.050000000000, 11pboc) | (M, Li): (0.1680696795E+01, 0.407725948840380E+01) | Ra/Lat: (53.74609889, 70.13372259) F
(Time, ID): (11.050000000000, 14pboc) | (M, Li): (0.1791627727E+01, 0.422375461831689E+01) | Ra/Lat: (53.74609889, 70.13372259) F
(Time, ID): (11.050000000000, 15pboc) | (M, Li): (0.1682717851E+01, 0.427023414149880E+01) | Ra/Lat: (53.74609889, 70.13372259) F
(Time, ID): (11.050000000000, 18pboc) | (M, Li): (0.1650315471E+01, 0.476505155861378E+01) | Ra/Lat: (53.74609889, 70.13372259) F
(Time, ID): (11.050000000000, 28pboc) | (M, Li): (0.1799725157E+01, 0.586233809590340E+01) | Ra/Lat: (53.74609889, 70.13372259) F
(Time, ID): (11.050000000000, 9pdel) | (M, Li): (0.1031366859E+01, -0.543104458600283E+00) | Ra/Lat: (176.41824825, 37.56161838) T
(Time, ID): (11.050000000000, 18pdel) | (M, Li): (0.1205744178E+01, -0.702446602284908E+00) | Ra/Lat: (176.41824825, 37.56161838) T
(Time, ID): (11.050000000000, 26pdel) | (M, Li): (0.1218840318E+01, -0.135011725127697E+01) | Ra/Lat: (176.41824825, 37.56161838) T
(Time, ID): (11.050000000000, 29pdel) | (M, Li): (0.1513492715E+01, -0.307013954594731E+01) | Ra/Lat: (176.41824825, 37.56161838) T
(Time, ID): (11.050000000000, 1pert) | (M, Li): (0.1274406176E+01, -0.354079899713397E+02) | Ra/Lat: (317.96626192, -31.62986283) F
(Time, ID): (11.050000000000, 2pert) | (M, Li): (0.1808628854E+01, -0.117027053087950E+02) | Ra/Lat: (317.96626192, -31.62986283) F
(Time, ID): (11.050000000000, 4pert) | (M, Li): (0.1354023602E+01, -0.120463406927884E+02) | Ra/Lat: (317.96626192, -31.62986283) F
(Time, ID): (11.050000000000, 8pert) | (M, Li): (0.2048833847E+01, -0.178685025349259E+02) | Ra/Lat: (317.96626192, -31.62986283) F
(Time, ID): (11.050000000000, 13pert) | (M, Li): (0.1137146208E+01, -0.224684607312083E+02) | Ra/Lat: (317.96626192, -31.62986283) F
(Time, ID): (11.050000000000, 16pert) | (M, Li): (0.2356048173E+01, -0.746776134520769E+01) | Ra/Lat: (317.96626192, -31.62986283) F
(Time, ID): (11.050000000000, 20pert) | (M, Li): (0.1393949524E+01, -0.256346714794636E+02) | Ra/Lat: (317.96626192, -31.62986283) F
(Time, ID): (11.050000000000, 24pert) | (M, Li): (0.2363922612E+01, -0.704048530757427E+01) | Ra/Lat: (317.96626192, -31.62986283) F
(Time, ID): (11.050000000000, 27pert) | (M, Li): (0.1227730967E+01, -0.120615624859929E+02) | Ra/Lat: (317.96626192, -31.62986283) F
(Time, ID): (11.050000000000, 8petp) | (M, Li): (0.2448951553E+01, -0.728755915537477E+01) | Ra/Lat: (0.84627363, 52.87089883) F
(Time, ID): (11.050000000000, 11petp) | (M, Li): (0.1097055761E+01, -0.100458242334425E+02) | Ra/Lat: (0.84627363, 52.87089883) F
(Time, ID): (11.050000000000, 14petp) | (M, Li): (0.2430636179E+01, -0.196607756987214E+01) | Ra/Lat: (0.84627363, 52.87089883) F
(Time, ID): (11.050000000000, 20petp) | (M, Li): (0.2434020711E+01, -0.467867096513510E+01) | Ra/Lat: (0.84627363, 52.87089883) F
(Time, ID): (11.050000000000, 28petp) | (M, Li): (0.1599733306E+01, -0.773258798941970E+01) | Ra/Lat: (0.84627363, 52.87089883) F
(Time, ID): (11.050000000000, 9pgc3) | (M, Li): (0.2028434135E+01, 0.733768973499537E+00) | Ra/Lat: (78.63004368, 48.45763708) F
(Time, ID): (11.050000000000, 11pgc3) | (M, Li): (0.2558489883E+01, -0.125446780398488E+01) | Ra/Lat: (78.63004368, 48.45763708) F
(Time, ID): (11.050000000000, 14pgc3) | (M, Li): (0.1186993356E+01, -0.268504710495472E+01) | Ra/Lat: (78.63004368, 48.45763708) F
(Time, ID): (11.050000000000, 15pgc3) | (M, Li): (0.1155219452E+01, -0.426493599638343E+01) | Ra/Lat: (78.63004368, 48.45763708) F
(Time, ID): (11.050000000000, 18pgc3) | (M, Li): (0.1462361237E+01, -0.691352467983961E+00) | Ra/Lat: (78.63004368, 48.45763708) F
(Time, ID): (11.050000000000, 21pgc3) | (M, Li): (0.2508033755E+01, -0.910367198288441E+00) | Ra/Lat: (78.63004368, 48.45763708) F
(Time, ID): (11.050000000000, 2pimo) | (M, Li): (0.2485175128E+01, -0.132220015190542E+02) | Ra/Lat: (323.15874453, 14.54191055) F
(Time, ID): (11.050000000000, 7pimo) | (M, Li): (0.2314126992E+01, -0.226929891929030E+02) | Ra/Lat: (323.15874453, 14.54191055) F
(Time, ID): (11.050000000000, 8pimo) | (M, Li): (0.1269655603E+01, -0.208001790009439E+02) | Ra/Lat: (323.15874453, 14.54191055) F
(Time, ID): (11.050000000000, 11pimo) | (M, Li): (0.1211655956E+01, -0.880427563562989E+01) | Ra/Lat: (323.15874453, 14.54191055) F
(Time, ID): (11.050000000000, 20pimo) | (M, Li): (0.1417466974E+01, -0.264685789644718E+02) | Ra/Lat: (323.15874453, 14.54191055) F
(Time, ID): (11.050000000000, 27pimo) | (M, Li): (0.1220675312E+01, -0.212716000229120E+02) | Ra/Lat: (323.15874453, 14.54191055) F
(Time, ID): (11.050000000000, 9reso) | (M, Li): (0.1407477101E+01, -0.890308680757880E+01) | Ra/Lat: (107.18732240, 74.59253201) F
(Time, ID): (11.050000000000, 11reso) | (M, Li): (0.2215259758E+01, 0.168093640357256E+00) | Ra/Lat: (107.18732240, 74.59253201) F
(Time, ID): (11.050000000000, 14reso) | (M, Li): (0.2015662316E+01, 0.257352347299457E+01) | Ra/Lat: (107.18732240, 74.59253201) F
(Time, ID): (11.050000000000, 15reso) | (M, Li): (0.1568639915E+01, -0.271213327348232E+01) | Ra/Lat: (107.18732240, 74.59253201) F
(Time, ID): (11.050000000000, 18reso) | (M, Li): (0.1277774681E+01, -0.891470607370138E+00) | Ra/Lat: (107.18732240, 74.59253201) F
(Time, ID): (11.050000000000, 26reso) | (M, Li): (0.2219107126E+01, -0.141770647466183E+01) | Ra/Lat: (107.18732240, 74.59253201) F
(Time, ID): (11.050000000000, 28reso) | (M, Li): (0.1787365764E+01, 0.498097904026508E+00) | Ra/Lat: (107.18732240, 74.59253201) F
(Time, ID): (11.050000000000, 6riog) | (M, Li): (0.1005572119E+01, -0.128643551915884E+02) | Ra/Lat: (134.32989403, -53.60184156) F
(Time, ID): (11.050000000000, 10riog) | (M, Li): (0.1971225015E+01, -0.100033693537116E+02) | Ra/Lat: (134.32989403, -53.60184156) T
(Time, ID): (11.050000000000, 16riog) | (M, Li): (0.2326535611E+01, -0.205892660543323E+02) | Ra/Lat: (134.32989403, -53.60184156) T
(Time, ID): (11.050000000000, 17riog) | (M, Li): (0.1142529308E+01, -0.133365191519260E+02) | Ra/Lat: (134.32989403, -53.60184156) F
(Time, ID): (11.050000000000, 21riog) | (M, Li): (0.1810191362E+01, -0.948408393189311E+01) | Ra/Lat: (134.32989403, -53.60184156) T
(Time, ID): (11.050000000000, 24riog) | (M, Li): (0.1879218783E+01, -0.915966824069619E+01) | Ra/Lat: (134.32989403, -53.60184156) T
(Time, ID): (11.050000000000, 25riog) | (M, Li): (0.1420279016E+01, -0.642458884418011E+01) | Ra/Lat: (134.32989403, -53.60184156) F
(Time, ID): (11.050000000000, 30riog) | (M, Li): (0.1163925920E+01, -0.140347268991172E+02) | Ra/Lat: (134.32989403, -53.60184156) F
(Time, ID): (11.050000000000, 9stjo) | (M, Li): (0.1027241577E+01, 0.965615652501583E+00) | Ra/Lat: (149.40326295, 47.40355170) F
(Time, ID): (11.050000000000, 14stjo) | (M, Li): (0.2396686793E+01, 0.655249472707510E+00) | Ra/Lat: (149.40326295, 47.40355170) F
(Time, ID): (11.050000000000, 15stjo) | (M, Li): (0.1454249794E+01, -0.800911203026772E+00) | Ra/Lat: (149.40326295, 47.40355170) F
(Time, ID): (11.050000000000, 18stjo) | (M, Li): (0.1012247712E+01, -0.247922625392675E+00) | Ra/Lat: (149.40326295, 47.40355170) F
(Time, ID): (11.050000000000, 21stjo) | (M, Li): (0.1968552017E+01, -0.734297990798950E+00) | Ra/Lat: (149.40326295, 47.40355170) T
(Time, ID): (11.050000000000, 26stjo) | (M, Li): (0.1690445163E+01, -0.210467467457056E+01) | Ra/Lat: (149.40326295, 47.40355170) T
(Time, ID): (11.050000000000, 29stjo) | (M, Li): (0.2348500312E+01, -0.406341414526105E+01) | Ra/Lat: (149.40326295, 47.40355170) T
(Time, ID): (11.050000000000, 9stl4) | (M, Li): (0.1420380305E+01, -0.826710449904203E+01) | Ra/Lat: (112.32212566, 38.42379342) F
(Time, ID): (11.050000000000, 14stl4) | (M, Li): (0.1340202748E+01, -0.616974400728941E+01) | Ra/Lat: (112.32212566, 38.42379342) F
(Time, ID): (11.050000000000, 15stl4) | (M, Li): (0.1034238054E+01, -0.678395114094019E+01) | Ra/Lat: (112.32212566, 38.42379342) F
(Time, ID): (11.050000000000, 18stl4) | (M, Li): (0.1108411814E+01, -0.600178835913539E+01) | Ra/Lat: (112.32212566, 38.42379342) F
(Time, ID): (11.050000000000, 21stl4) | (M, Li): (0.1544820293E+01, -0.375708959996700E+01) | Ra/Lat: (112.32212566, 38.42379342) F
(Time, ID): (11.050000000000, 4sutm) | (M, Li): (0.1536604092E+01, -0.804275423288345E+01) | Ra/Lat: (222.89192259, -32.20767574) T
(Time, ID): (11.050000000000, 6sutm) | (M, Li): (0.2642087802E+01, -0.301280784234405E+01) | Ra/Lat: (222.89192259, -32.20767574) T
(Time, ID): (11.050000000000, 7sutm) | (M, Li): (0.2531050089E+01, -0.651814997941256E+01) | Ra/Lat: (222.89192259, -32.20767574) T
(Time, ID): (11.050000000000, 10sutm) | (M, Li): (0.1078149767E+01, -0.667636040598154E+01) | Ra/Lat: (222.89192259, -32.20767574) T
(Time, ID): (11.050000000000, 13sutm) | (M, Li): (0.2222740454E+01, -0.243465299904346E+01) | Ra/Lat: (222.89192259, -32.20767574) T
(Time, ID): (11.050000000000, 17sutm) | (M, Li): (0.1576194013E+01, -0.823208257183433E+01) | Ra/Lat: (222.89192259, -32.20767574) T
(Time, ID): (11.050000000000, 24sutm) | (M, Li): (0.1130726890E+01, -0.662447586655617E+01) | Ra/Lat: (222.89192259, -32.20767574) T
(Time, ID): (11.050000000000, 26sutm) | (M, Li): (0.2610056874E+01, -0.765130542218685E+00) | Ra/Lat: (222.89192259, -32.20767574) T
(Time, ID): (11.050000000000, 29sutm) | (M, Li): (0.1981847301E+01, -0.604532838240266E+01) | Ra/Lat: (222.89192259, -32.20767574) T
(Time, ID): (11.050000000000, 30sutm) | (M, Li): (0.2156106932E+01, -0.370843789353967E+01) | Ra/Lat: (222.89192259, -32.20767574) T
(Time, ID): (11.050000000000, 1syog) | (M, Li): (0.1626701986E+01, -0.586646991595626E+01) | Ra/Lat: (241.66475581, -68.87791441) T
(Time, ID): (11.050000000000, 4syog) | (M, Li): (0.1442411596E+01, -0.592061103507876E+01) | Ra/Lat: (241.66475581, -68.87791441) T
(Time, ID): (11.050000000000, 6syog) | (M, Li): (0.1787747900E+01, -0.531398419663310E+01) | Ra/Lat: (241.66475581, -68.87791441) T
(Time, ID): (11.050000000000, 10syog) | (M, Li): (0.1640591163E+01, -0.639514240622520E+01) | Ra/Lat: (241.66475581, -68.87791441) T
(Time, ID): (11.050000000000, 13syog) | (M, Li): (0.1268511571E+01, -0.489583529531956E+01) | Ra/Lat: (241.66475581, -68.87791441) T
(Time, ID): (11.050000000000, 17syog) | (M, Li): (0.1580576272E+01, -0.642472356930375E+01) | Ra/Lat: (241.66475581, -68.87791441) T
(Time, ID): (11.050000000000, 24syog) | (M, Li): (0.1054700591E+01, -0.817857031151652E+01) | Ra/Lat: (241.66475581, -68.87791441) F
(Time, ID): (11.050000000000, 7tala) | (M, Li): (0.1115854842E+01, -0.175498278550804E+02) | Ra/Lat: (274.29145857, 42.25390860) F
(Time, ID): (11.050000000000, 8tala) | (M, Li): (0.1197429958E+01, -0.123361672200263E+02) | Ra/Lat: (274.29145857, 42.25390860) F
(Time, ID): (11.050000000000, 11tala) | (M, Li): (0.1631871612E+01, -0.404440595582128E+01) | Ra/Lat: (274.29145857, 42.25390860) F
(Time, ID): (11.050000000000, 26tala) | (M, Li): (0.1669927117E+01, -0.919599044695497E+01) | Ra/Lat: (274.29145857, 42.25390860) T
(Time, ID): (11.050000000000, 27tala) | (M, Li): (0.1964419440E+01, -0.109557194374502E+02) | Ra/Lat: (274.29145857, 42.25390860) T
(Time, ID): (11.050000000000, 28tala) | (M, Li): (0.1038694239E+01, -0.153461922816932E+02) | Ra/Lat: (274.29145857, 42.25390860) F
(Time, ID): (11.050000000000, 29tala) | (M, Li): (0.1646332249E+01, -0.843721197918057E+01) | Ra/Lat: (274.29145857, 42.25390860) T
(Time, ID): (11.050000000000, 7tixi) | (M, Li): (0.2254478554E+01, -0.119320447705686E+02) | Ra/Lat: (330.94743143, 71.51908330) F
(Time, ID): (11.050000000000, 8tixi) | (M, Li): (0.2165088161E+01, -0.404099703207612E+01) | Ra/Lat: (330.94743143, 71.51908330) F
(Time, ID): (11.050000000000, 9tixi) | (M, Li): (0.2370382640E+01, -0.266892872378230E+01) | Ra/Lat: (330.94743143, 71.51908330) F
(Time, ID): (11.050000000000, 11tixi) | (M, Li): (0.1247122462E+01, -0.116588319689035E+02) | Ra/Lat: (330.94743143, 71.51908330) F
(Time, ID): (11.050000000000, 18tixi) | (M, Li): (0.2362280878E+01, -0.409062702208757E+01) | Ra/Lat: (330.94743143, 71.51908330) F
(Time, ID): (11.050000000000, 26tixi) | (M, Li): (0.2439818968E+01, -0.324290359765291E+01) | Ra/Lat: (330.94743143, 71.51908330) F
(Time, ID): (11.050000000000, 28tixi) | (M, Li): (0.1186200344E+01, -0.397062300518155E+01) | Ra/Lat: (330.94743143, 71.51908330) F
(Time, ID): (11.050000000000, 7tnml) | (M, Li): (0.2149097318E+01, -0.154753016196191E+02) | Ra/Lat: (323.06835616, 24.65174594) F
(Time, ID): (11.050000000000, 8tnml) | (M, Li): (0.1261002087E+01, -0.138880144245923E+02) | Ra/Lat: (323.06835616, 24.65174594) F
(Time, ID): (11.050000000000, 11tnml) | (M, Li): (0.1095555492E+01, -0.329712258540094E+02) | Ra/Lat: (323.06835616, 24.65174594) F
(Time, ID): (11.050000000000, 20tnml) | (M, Li): (0.1625964901E+01, -0.213619817569852E+02) | Ra/Lat: (323.06835616, 24.65174594) F
(Time, ID): (11.050000000000, 27tnml) | (M, Li): (0.1369661053E+01, -0.138950993791223E+02) | Ra/Lat: (323.06835616, 24.65174594) F
(Time, ID): (11.050000000000, 28tnml) | (M, Li): (0.1555649191E+01, -0.723998212814331E+01) | Ra/Lat: (323.06835616, 24.65174594) F
(Time, ID): (11.050000000000, 7tors) | (M, Li): (0.1989618467E+01, 0.118522155284882E+01) | Ra/Lat: (195.31649406, 61.86355945) T
(Time, ID): (11.050000000000, 9tors) | (M, Li): (0.1148532884E+01, 0.542897262424231E+01) | Ra/Lat: (195.31649406, 61.86355945) F
(Time, ID): (11.050000000000, 15tors) | (M, Li): (0.2472733555E+01, 0.272985101863742E+01) | Ra/Lat: (195.31649406, 61.86355945) T
(Time, ID): (11.050000000000, 18tors) | (M, Li): (0.1341662943E+01, 0.820218244567513E+01) | Ra/Lat: (195.31649406, 61.86355945) F
(Time, ID): (11.050000000000, 26tors) | (M, Li): (0.1210657433E+01, 0.114499202370644E+02) | Ra/Lat: (195.31649406, 61.86355945) F
(Time, ID): (11.050000000000, 28tors) | (M, Li): (0.1487037104E+01, 0.545556959509850E+01) | Ra/Lat: (195.31649406, 61.86355945) T
(Time, ID): (11.050000000000, 29tors) | (M, Li): (0.1541197662E+01, 0.383222802728415E+01) | Ra/Lat: (195.31649406, 61.86355945) T
(Time, ID): (11.050000000000, 1tow2) | (M, Li): (0.1337100769E+01, -0.278174204081297E+02) | Ra/Lat: (349.13669958, -19.14970938) F
(Time, ID): (11.050000000000, 2tow2) | (M, Li): (0.1160301768E+01, -0.509670341946185E+02) | Ra/Lat: (349.13669958, -19.14970938) F
(Time, ID): (11.050000000000, 4tow2) | (M, Li): (0.2572496640E+01, -0.621355840936303E+01) | Ra/Lat: (349.13669958, -19.14970938) F
(Time, ID): (11.050000000000, 11tow2) | (M, Li): (0.2274788984E+01, -0.359173433110118E+01) | Ra/Lat: (349.13669958, -19.14970938) F
(Time, ID): (11.050000000000, 13tow2) | (M, Li): (0.1713208365E+01, -0.160810369439423E+02) | Ra/Lat: (349.13669958, -19.14970938) F
(Time, ID): (11.050000000000, 16tow2) | (M, Li): (0.1633286011E+01, -0.454492417536676E+02) | Ra/Lat: (349.13669958, -19.14970938) F
(Time, ID): (11.050000000000, 20tow2) | (M, Li): (0.1017627702E+01, -0.104877768754959E+02) | Ra/Lat: (349.13669958, -19.14970938) F
(Time, ID): (11.050000000000, 27tow2) | (M, Li): (0.1694741787E+01, -0.214515130966902E+02) | Ra/Lat: (349.13669958, -19.14970938) F
(Time, ID): (11.050000000000, 8tskb) | (M, Li): (0.1755743660E+01, -0.756530134379864E+01) | Ra/Lat: (342.16850903, 35.92264610) F
(Time, ID): (11.050000000000, 11tskb) | (M, Li): (0.1008421574E+01, -0.174432343654335E+02) | Ra/Lat: (342.16850903, 35.92264610) F
(Time, ID): (11.050000000000, 20tskb) | (M, Li): (0.1698754758E+01, -0.951583405956626E+01) | Ra/Lat: (342.16850903, 35.92264610) F
(Time, ID): (11.050000000000, 27tskb) | (M, Li): (0.2054096505E+01, -0.927113295719028E+01) | Ra/Lat: (342.16850903, 35.92264610) F
(Time, ID): (11.050000000000, 28tskb) | (M, Li): (0.1626476743E+01, -0.517187212035060E+01) | Ra/Lat: (342.16850903, 35.92264610) F
(Time, ID): (11.050000000000, 7ulab) | (M, Li): (0.1620467777E+01, -0.586374491453171E+01) | Ra/Lat: (309.13333655, 47.67358952) F
(Time, ID): (11.050000000000, 8ulab) | (M, Li): (0.1303517624E+01, -0.173095880076289E+02) | Ra/Lat: (309.13333655, 47.67358952) F
(Time, ID): (11.050000000000, 11ulab) | (M, Li): (0.1109514677E+01, -0.131225013248622E+02) | Ra/Lat: (309.13333655, 47.67358952) F
(Time, ID): (11.050000000000, 20ulab) | (M, Li): (0.2678186307E+01, -0.131111062690616E+01) | Ra/Lat: (309.13333655, 47.67358952) F
(Time, ID): (11.050000000000, 26ulab) | (M, Li): (0.2612935027E+01, -0.110548081248999E+01) | Ra/Lat: (309.13333655, 47.67358952) F
(Time, ID): (11.050000000000, 27ulab) | (M, Li): (0.1943731300E+01, -0.144224562309682E+02) | Ra/Lat: (309.13333655, 47.67358952) F
(Time, ID): (11.050000000000, 28ulab) | (M, Li): (0.1092354485E+01, -0.122138128168881E+02) | Ra/Lat: (309.13333655, 47.67358952) F
(Time, ID): (11.050000000000, 29ulab) | (M, Li): (0.2694089621E+01, -0.709311006218195E+01) | Ra/Lat: (309.13333655, 47.67358952) T
(Time, ID): (11.050000000000, 7vars) | (M, Li): (0.1669812855E+01, -0.657760757952929E+01) | Ra/Lat: (233.11220549, 70.21411026) F
(Time, ID): (11.050000000000, 8vars) | (M, Li): (0.2335195771E+01, -0.655863153934479E+01) | Ra/Lat: (233.11220549, 70.21411026) T
(Time, ID): (11.050000000000, 9vars) | (M, Li): (0.1478225713E+01, -0.521164543926716E+00) | Ra/Lat: (233.11220549, 70.21411026) F
(Time, ID): (11.050000000000, 18vars) | (M, Li): (0.1743174205E+01, 0.348539649695158E+01) | Ra/Lat: (233.11220549, 70.21411026) F
(Time, ID): (11.050000000000, 26vars) | (M, Li): (0.1359816853E+01, 0.693264623358846E+01) | Ra/Lat: (233.11220549, 70.21411026) F
(Time, ID): (11.050000000000, 28vars) | (M, Li): (0.1159797035E+01, -0.461812976747751E+00) | Ra/Lat: (233.11220549, 70.21411026) F
(Time, ID): (11.050000000000, 29vars) | (M, Li): (0.1685747280E+01, 0.549469700828195E+01) | Ra/Lat: (233.11220549, 70.21411026) F
(Time, ID): (11.050000000000, 7vill) | (M, Li): (0.1836547524E+01, -0.972445976361632E+01) | Ra/Lat: (198.12903214, 40.25371861) T
(Time, ID): (11.050000000000, 9vill) | (M, Li): (0.1155051016E+01, -0.573202728480101E+01) | Ra/Lat: (198.12903214, 40.25371861) T
(Time, ID): (11.050000000000, 18vill) | (M, Li): (0.1515299263E+01, -0.579127062484622E+01) | Ra/Lat: (198.12903214, 40.25371861) T
(Time, ID): (11.050000000000, 26vill) | (M, Li): (0.1038200319E+01, -0.543577374517918E+01) | Ra/Lat: (198.12903214, 40.25371861) T
(Time, ID): (11.050000000000, 28vill) | (M, Li): (0.1921049268E+01, -0.773898192122579E+01) | Ra/Lat: (198.12903214, 40.25371861) T
(Time, ID): (11.050000000000, 29vill) | (M, Li): (0.1187799875E+01, -0.599603187665343E+01) | Ra/Lat: (198.12903214, 40.25371861) T
(Time, ID): (11.050000000000, 1wgtt) | (M, Li): (0.1119101227E+01, -0.700472502037883E+01) | Ra/Lat: (16.86260719, -41.09971060) F
(Time, ID): (11.050000000000, 13wgtt) | (M, Li): (0.1718049402E+01, 0.371971590444446E+01) | Ra/Lat: (16.86260719, -41.09971060) F
(Time, ID): (11.050000000000, 16wgtt) | (M, Li): (0.1055666759E+01, -0.255854204669595E+01) | Ra/Lat: (16.86260719, -41.09971060) F
(Time, ID): (11.050000000000, 20wgtt) | (M, Li): (0.1364557582E+01, -0.584399035200477E+01) | Ra/Lat: (16.86260719, -41.09971060) F
(Time, ID): (11.050000000000, 25wgtt) | (M, Li): (0.1688380636E+01, -0.506087793037295E+01) | Ra/Lat: (16.86260719, -41.09971060) F
(Time, ID): (11.050000000000, 9whit) | (M, Li): (0.2003271408E+01, -0.723159396275878E+01) | Ra/Lat: (66.85890046, 60.58619434) F
(Time, ID): (11.050000000000, 11whit) | (M, Li): (0.1990834034E+01, -0.570046699047089E+01) | Ra/Lat: (66.85890046, 60.58619434) F
(Time, ID): (11.050000000000, 14whit) | (M, Li): (0.1440005153E+01, -0.431836422532797E+01) | Ra/Lat: (66.85890046, 60.58619434) F
(Time, ID): (11.050000000000, 15whit) | (M, Li): (0.1390878289E+01, -0.538614309206605E+01) | Ra/Lat: (66.85890046, 60.58619434) F
(Time, ID): (11.050000000000, 18whit) | (M, Li): (0.1555141411E+01, -0.463152278587222E+01) | Ra/Lat: (66.85890046, 60.58619434) F
(Time, ID): (11.050000000000, 28whit) | (M, Li): (0.2304901700E+01, -0.470541729778051E+01) | Ra/Lat: (66.85890046, 60.58619434) F
(Time, ID): (11.050000000000, 7yakt) | (M, Li): (0.2235417389E+01, -0.167373352758586E+02) | Ra/Lat: (331.76131444, 61.87125270) F
(Time, ID): (11.050000000000, 8yakt) | (M, Li): (0.1892765772E+01, -0.130770497210324E+02) | Ra/Lat: (331.76131444, 61.87125270) F
(Time, ID): (11.050000000000, 11yakt) | (M, Li): (0.1111807562E+01, -0.146511371992528E+02) | Ra/Lat: (331.76131444, 61.87125270) F
(Time, ID): (11.050000000000, 27yakt) | (M, Li): (0.2699691920E+01, -0.101413384750485E+02) | Ra/Lat: (331.76131444, 61.87125270) F
(Time, ID): (11.050000000000, 28yakt) | (M, Li): (0.1189429166E+01, -0.100990581810474E+02) | Ra/Lat: (331.76131444, 61.87125270) F
(Time, ID): (11.050000000000, 1yar2) | (M, Li): (0.1325861807E+01, -0.224427605718374E+02) | Ra/Lat: (317.42798786, -28.88350205) F
(Time, ID): (11.050000000000, 2yar2) | (M, Li): (0.1846673632E+01, -0.145136778615415E+02) | Ra/Lat: (317.42798786, -28.88350205) F
(Time, ID): (11.050000000000, 4yar2) | (M, Li): (0.1361977007E+01, -0.104827410280704E+02) | Ra/Lat: (317.42798786, -28.88350205) F
(Time, ID): (11.050000000000, 8yar2) | (M, Li): (0.1932108933E+01, -0.151631530784070E+02) | Ra/Lat: (317.42798786, -28.88350205) F
(Time, ID): (11.050000000000, 13yar2) | (M, Li): (0.1169400247E+01, -0.155881128385663E+02) | Ra/Lat: (317.42798786, -28.88350205) F
(Time, ID): (11.050000000000, 16yar2) | (M, Li): (0.2451054996E+01, -0.755203018710017E+01) | Ra/Lat: (317.42798786, -28.88350205) F
(Time, ID): (11.050000000000, 20yar2) | (M, Li): (0.1378658817E+01, -0.136483142785728E+02) | Ra/Lat: (317.42798786, -28.88350205) F
(Time, ID): (11.050000000000, 24yar2) | (M, Li): (0.2453343319E+01, -0.558954545110464E+01) | Ra/Lat: (317.42798786, -28.88350205) F
(Time, ID): (11.050000000000, 27yar2) | (M, Li): (0.1187443725E+01, -0.179381403513253E+02) | Ra/Lat: (317.42798786, -28.88350205) F
(Time, ID): (11.050000000000, 9yell) | (M, Li): (0.1614186001E+01, -0.236393004655838E+01) | Ra/Lat: (87.60031137, 62.32289687) F
(Time, ID): (11.050000000000, 11yell) | (M, Li): (0.2359797734E+01, -0.178623228147626E+01) | Ra/Lat: (87.60031137, 62.32289687) F
(Time, ID): (11.050000000000, 14yell) | (M, Li): (0.1494543085E+01, -0.190627241879702E+01) | Ra/Lat: (87.60031137, 62.32289687) F
(Time, ID): (11.050000000000, 15yell) | (M, Li): (0.1288121065E+01, -0.129252363741398E+01) | Ra/Lat: (87.60031137, 62.32289687) F
(Time, ID): (11.050000000000, 18yell) | (M, Li): (0.1301934582E+01, -0.887137338519096E+00) | Ra/Lat: (87.60031137, 62.32289687) F
(Time, ID): (11.050000000000, 28yell) | (M, Li): (0.2339439262E+01, -0.202803223207593E+01) | Ra/Lat: (87.60031137, 62.32289687) F
(Time, ID): (11.050000000000, 8yssk) | (M, Li): (0.1916475025E+01, -0.139923662170768E+02) | Ra/Lat: (344.79773185, 46.83775198) F
(Time, ID): (11.050000000000, 11yssk) | (M, Li): (0.1015667523E+01, -0.111081654615700E+02) | Ra/Lat: (344.79773185, 46.83775198) F
(Time, ID): (11.050000000000, 20yssk) | (M, Li): (0.2141242884E+01, -0.876824105903506E+01) | Ra/Lat: (344.79773185, 46.83775198) F
(Time, ID): (11.050000000000, 27yssk) | (M, Li): (0.2468412969E+01, -0.120259537696838E+02) | Ra/Lat: (344.79773185, 46.83775198) F
(Time, ID): (11.050000000000, 28yssk) | (M, Li): (0.1455605616E+01, -0.117130345888436E+02) | Ra/Lat: (344.79773185, 46.83775198) F
