Name Ra Dec UVOT BAT Date Angle
190220A 330.128 -76.669 n/a 8.9 2019 02 20 2.9833333333333334 166.27003170200234
190103B 212.561 35.254 V>20.6 120 2019 01 03 21.05 158.71003497083439
180809B 299.712 -15.293 V>19.8 730 2018 08 09 20.466666666666665 156.37885808196532
181126A 152.35 -29.698 V>18.0 3.1 2018 11 26 9.9 149.7554864655118
181123B 184.354 14.619 V>19.8 1.2 2018 11 23 5.55 149.07318910234923
190114A 65.543 2.196 V=18.33 8.0 2019 01 14 3.1666666666666665 149.06911182317262
190203A 22.603 55.736 V>19.2 150 2019 02 03 15.733333333333333 142.87054806379874
181103A 197.093 52.22 V>18.21 2.8 2018 11 03 4.366666666666666 141.5652064140889
180823A 210.358 14.901 V>19.2 78 2018 08 23 19.066666666666666 140.4121286733136
181030A 146.916 14.657 V>18.9 62 2018 10 30 1.45 137.97542805636093
190106A 29.877 23.839 V=16.54 60 2019 01 06 13.566666666666666 133.81026985133911
190110A 276.939 -53.643 n/a 25 2019 01 10 17.4 132.2025228324562
190109A 33.213 38.111 V>16.8 55 2019 01 09 5.2 131.80203289749488
190204A 351.491 54.884 V=18.30 130 2019 02 04 5.766666666666667 128.3218164047303
181203A 108.341 -39.783 V>18.6 7.8 2018 12 03 12.133333333333333 127.16151365495611
181013A 207.661 40.107 n/a 3.0 2018 10 13 2.65 123.75030116168783
190123A 53.175 45.505 V>20.3 8.4 2019 01 23 12.316666666666666 122.3521148975231
181003A 52.481 -33.991 V>19.79 4.2 2018 10 03 5.183333333333334 112.54647668859627
181010A 52.574 -23.023 V>19.4 6.9 2018 10 10 5.916666666666667 108.28196436887985
181020A 13.987 -47.372 V=14.89 81 2018 10 20 19.0 102.08129642804731
181016A 231.273 -35.307 n/a 19 2018 10 16 0.9166666666666666 96.35494174542666
190202A 166.506 9.393 V=17.94 60 2019 02 02 1.65 95.12625249368224
181002A 64.739 15.248 V>17.9 8.8 2018 10 02 11.433333333333334 93.49917753447615
181224A 125.949 6.194 n/a 4.9 2018 12 24 13.6 88.30372629537746
180812A 245.839 74.674 V>18.9 8.0 2018 08 12 8.366666666666667 85.83360083138793
180828A 268.704 -25.791 V>20.3 88 2018 08 28 18.95 84.26959693046213
181027A 225.361 30.937 n/a 28 2018 10 27 1.8 79.60399527290404
180924A 49.207 -58.524 V>17.1 14 2018 09 24 15.366666666666667 77.80820194036883
181125A 268.391 -2.634 n/a 3.3 2018 11 25 8.9 74.35193567465352
190114B 174.868 18.882 V>18.5 5.1 2019 01 14 19.516666666666666 73.89522776862754
181023A 248.322 19.581 V>19.4 13 2018 10 23 2.066666666666667 67.45136879605579
180818B 104.227 39.31 V>19.8 23 2018 08 18 12.5 66.570304789296
181213A 248.21 78.5 V>17.35 15 2018 12 13 12.95 64.8331877209574
181228A 49.831 13.212 V>19.1 100 2018 12 28 2.8833333333333333 64.3659383212039
180905A 91.038 -4.592 V>19.1 42 2018 09 05 13.95 62.8075439404719
180821A 7.739 -38.612 V>17.7 14 2018 08 21 16.666666666666668 62.134121852648214
190114C 54.503 -26.938 V=16.28 830 2019 01 14 20.95 60.052959294340845
181202A 280.737 27.976 V>18.7 2.5 2018 12 02 6.6 56.50959481845059
190109B 55.563 63.592 V>20.4 4.8 2019 01 09 11.933333333333334 51.104936566325335
181110A 302.33 -36.878 V=16.09 99 2018 11 10 8.716666666666667 43.86047548102575
181022A 56.808 -29.374 V>19.8 1.9 2018 10 22 17.5 38.518595219042055
180818A 169.698 -48.344 V>19.8 2.6 2018 08 18 3.2 38.30722274619067
180925A 315.212 -64.45 V>19.66 41 2018 09 25 14.616666666666667 35.131638553987585
180904A 274.26 46.64 V>20.1 2.4 2018 09 04 21.466666666666665 32.05630297453731
190129B 117.285 1.257 n/a n/a 2019 01 29 12.25 21.051297111420105
190219A 189.686 76.606 n/a 39 2019 02 19 19.633333333333333 20.279472243375906
180930A 76.894 -25.124 V>20.1 2.1 2018 09 30 12.716666666666667 16.603142303332703
190211A 196.652 41.976 n/a 6.5 2019 02 11 16.9 16.19467037566163
180914B 0 0 n/a n/a 2018 09 14 18.383333333333333 0
181201A 0 0 V=17.70 n/a 2018 12 01 2.6333333333333333 0
