This is pdfTeX, Version 3.14159265-2.6-1.40.18 (TeX Live 2017/Debian) (preloaded format=pdflatex 2019.2.5)  21 MAR 2019 22:19
entering extended mode
 restricted \write18 enabled.
 %&-line parsing enabled.
**chap3SortSwift.tex
(./chap3SortSwift.tex
LaTeX2e <2017-04-15>
Babel <3.18> and hyphenation patterns for 3 language(s) loaded.
(/usr/share/texlive/texmf-dist/tex/latex/base/article.cls
Document Class: article 2014/09/29 v1.4h Standard LaTeX document class
(/usr/share/texlive/texmf-dist/tex/latex/base/size12.clo
File: size12.clo 2014/09/29 v1.4h Standard LaTeX file (size option)
)
\c@part=\count79
\c@section=\count80
\c@subsection=\count81
\c@subsubsection=\count82
\c@paragraph=\count83
\c@subparagraph=\count84
\c@figure=\count85
\c@table=\count86
\abovecaptionskip=\skip41
\belowcaptionskip=\skip42
\bibindent=\dimen102
)
(./chap3SortSwift.aux)
\openout1 = `chap3SortSwift.aux'.

LaTeX Font Info:    Checking defaults for OML/cmm/m/it on input line 2.
LaTeX Font Info:    ... okay on input line 2.
LaTeX Font Info:    Checking defaults for T1/cmr/m/n on input line 2.
LaTeX Font Info:    ... okay on input line 2.
LaTeX Font Info:    Checking defaults for OT1/cmr/m/n on input line 2.
LaTeX Font Info:    ... okay on input line 2.
LaTeX Font Info:    Checking defaults for OMS/cmsy/m/n on input line 2.
LaTeX Font Info:    ... okay on input line 2.
LaTeX Font Info:    Checking defaults for OMX/cmex/m/n on input line 2.
LaTeX Font Info:    ... okay on input line 2.
LaTeX Font Info:    Checking defaults for U/cmr/m/n on input line 2.
LaTeX Font Info:    ... okay on input line 2.


LaTeX Warning: Citation `hernandez2012gnss' on page 1 undefined on input line 8
.

Missing character: There is no Ã in font cmr12!
Missing character: There is no ¡ in font cmr12!
LaTeX Font Info:    Try loading font information for OMS+cmr on input line 18.
(/usr/share/texlive/texmf-dist/tex/latex/base/omscmr.fd
File: omscmr.fd 2014/09/29 v2.5h Standard LaTeX font definitions
)
LaTeX Font Info:    Font shape `OMS/cmr/m/n' in size <12> not available
(Font)              Font shape `OMS/cmsy/m/n' tried instead on input line 18.


LaTeX Warning: Citation `greinergrb' on page 1 undefined on input line 27.


LaTeX Warning: Citation `moocgrbs' on page 1 undefined on input line 28.

[1

{/var/lib/texmf/fonts/map/pdftex/updmap/pdftex.map}]

LaTeX Warning: Citation `swiftnasa' on page 2 undefined on input line 29.


LaTeX Warning: Citation `roming2005swift' on page 2 undefined on input line 36.



LaTeX Warning: Citation `gehrels2004swift' on page 2 undefined on input line 36
.


LaTeX Warning: Citation `swiftnasa' on page 2 undefined on input line 36.

[2]
Missing character: There is no Â in font cmr12!
Missing character: There is no º in font cmr12!
Missing character: There is no Â in font cmr12!
Missing character: There is no º in font cmr12!


LaTeX Warning: Citation `nasareferencesystem' on page 3 undefined on input line
 56.

[3]
Missing character: There is no Ã in font cmr12!
Missing character: There is no ¡ in font cmr12!


LaTeX Warning: Citation `starlinkproject' on page 4 undefined on input line 80.



Overfull \hbox (71.30496pt too wide) in paragraph at lines 88--90
[]\OT1/cmr/m/n/12 coordSun = [math.cos(sunDec)*math.cos(sunRa), math.cos(sunDec
)*math.sin(sunRa),
 []


Overfull \hbox (73.05087pt too wide) in paragraph at lines 88--90
\OT1/cmr/m/n/12 math.sin(sunDec)] co-ord-GRB = [math.cos(dec)*math.cos(ra), mat
h.cos(dec)*math.sin(ra),
 []


Overfull \hbox (5.79733pt too wide) in paragraph at lines 91--93
[]\OT1/cmr/m/n/12 angle = math.acos(coordSun[0]*coordGRB[0] + co-ord-Sun[1]*coo
rdGRB[1]
 []

Missing character: There is no â in font cmr12!
Missing character: There is no € in font cmr12!
Missing character: There is no ™ in font cmr12!
Missing character: There is no â in font cmr12!
Missing character: There is no € in font cmr12!
Missing character: There is no ™ in font cmr12!
Missing character: There is no â in font cmr12!
Missing character: There is no € in font cmr12!
Missing character: There is no ¦ in font cmr12!
[4] [5] (./chap3SortSwift.bbl) (./chap3SortSwift.aux)

LaTeX Warning: There were undefined references.

 ) 
Here is how much of TeX's memory you used:
 240 strings out of 494923
 2811 string characters out of 6180743
 52120 words of memory out of 5000000
 3633 multiletter control sequences out of 15000+600000
 5713 words of font info for 21 fonts, out of 8000000 for 9000
 14 hyphenation exceptions out of 8191
 22i,4n,21p,496b,171s stack positions out of 5000i,500n,10000p,200000b,80000s
</usr/share/texlive/texmf-dist/fonts/type1/public/amsfonts/cm/cmbx12.pfb></us
r/share/texlive/texmf-dist/fonts/type1/public/amsfonts/cm/cmr12.pfb></usr/share
/texlive/texmf-dist/fonts/type1/public/amsfonts/cm/cmsy10.pfb>
Output written on chap3SortSwift.pdf (5 pages, 54430 bytes).
PDF statistics:
 32 PDF objects out of 1000 (max. 8388607)
 21 compressed objects within 1 object stream
 0 named destinations out of 1000 (max. 500000)
 1 words of extra memory for PDF output out of 10000 (max. 10000000)

