0.0313881 134.199 42.296
0.0112666 122.374 40.504
0.0161473 127.900 40.819
0.0265902 131.889 41.889
0.0279655 130.308 36.139
0.0488581 145.382 45.074
-0.000961624 341.388 -36.453
-0.000316857 344.590 -34.048
0.00129303 331.697 -36.706
7.55674e-05 337.998 -36.876
0.00390733 346.718 -36.652
-0.000731907 342.100 -32.333
-0.000503818 334.997 -31.627
-0.00128973 316.188 34.129
-0.00158539 326.170 30.519
0.0027911 332.956 32.567
0.000256177 336.014 25.440
0.00139817 327.081 26.317
-0.00510079 327.457 36.014
-0.000143348 336.962 -26.759
9.12804e-05 340.104 -24.197
0.00264849 328.199 -26.616
0.00247908 327.471 -16.876
0.000407662 336.206 -11.631
-0.00155158 333.605 -27.043
-0.00352815 342.997 -27.571
-0.00110353 337.609 -22.449
0.000479011 332.007 -21.926
0.107299 130.327 -20.018
0.122615 133.869 -19.826
0.104075 130.149 -15.185
0.0794551 125.304 -20.110
0.112272 132.470 -17.907
0.232991 188.937 -9.850
0.238485 185.919 -11.908
0.245793 190.577 -2.299
0.243876 191.815 -4.122
0.23595 184.241 -10.782
0.00156878 27.785 -20.227
0.00276232 38.028 -8.962
0.00401975 31.819 -16.769
-0.00047835 27.159 -14.188
-0.00343778 36.591 -18.237
0.245366 256.817 15.319
0.181168 253.159 25.967
0.187111 256.802 25.608
0.189876 248.932 27.547
0.211505 261.313 21.799
0.187391 254.588 29.256
0.187513 249.760 25.993
0.0178632 313.199 -14.648
0.0195753 305.560 -9.773
0.0302872 301.344 -1.194
0.0166687 307.066 -4.037
0.0131162 312.309 0.335
0.0251279 308.538 -12.170
0.0106021 313.931 -7.241
0.0139172 308.322 -6.404
0.0105551 304.968 5.693
-0.00276047 30.630 55.305
-0.000115275 46.130 51.746
-0.00138113 50.719 54.109
0.00449229 55.301 59.864
-0.00124364 26.795 62.573
0.000204791 333.127 62.404
-0.00452974 31.967 79.619
0.0033595 2.515 65.570
-0.0108456 33.087 63.333
0.0246184 39.966 68.006
-0.0386868 34.339 74.993
0.000411915 356.510 69.666
0.00230417 308.830 39.398
-0.000275252 314.439 37.496
-0.00127249 319.696 39.661
-0.00291249 325.479 31.573
0.00162724 315.276 33.751
-0.000181187 315.099 41.438
0.165376 225.350 49.830
0.159344 212.843 52.657
0.025444 208.538 54.597
0.162454 218.410 50.536
0.158382 224.678 53.755
0.1654 219.730 49.133
0.181633 152.053 -20.108
0.183647 155.254 -18.611
0.174668 151.271 -14.705
0.174165 154.078 -17.247
0.152827 142.360 -36.078
0.182821 151.488 -35.272
0.161069 145.553 -35.424
0.159079 141.267 -31.188
0.19584 153.228 -42.166
0.157894 136.084 -36.899
0.159394 144.393 -34.162
0.0528499 317.438 -65.558
0.0381069 331.434 -62.724
0.0632768 304.538 -63.227
0.0709191 316.084 -77.345
0.105193 311.502 -64.964
0.0504978 330.462 -66.943
0.103886 282.745 -77.169
0.0535125 327.153 -57.816
0.0758908 302.069 -67.486
0.0651354 349.313 -73.929
0.060586 308.694 -55.788
0.190778 190.268 39.395
0.197484 187.514 40.409
0.196779 194.589 38.350
0.197845 196.201 37.281
0.00719043 98.306 44.155
-0.000404284 87.689 38.738
0.000802648 90.460 39.627
-0.000489776 94.029 42.004
-0.00462786 96.376 34.713
-0.00110045 22.796 -45.227
-8.3599e-05 24.371 -42.042
-0.00076882 38.242 -51.554
-0.000184361 17.476 -48.145
0.000805504 26.610 -43.520
0.000984715 20.304 -40.434
-0.000662715 31.918 -44.604
0.0580684 304.106 -19.843
0.0669289 296.803 -14.377
0.0784207 293.233 -6.767
0.0615248 298.001 -9.129
0.0343452 304.972 -2.239
0.063734 299.325 -16.724
0.0452577 306.270 -12.615
0.108129 290.416 -22.901
0.0605456 299.191 -11.565
0.0986557 129.936 -45.875
0.133087 143.454 -46.097
0.055965 113.935 -50.777
0.106871 133.881 -45.679
0.107457 129.463 -40.400
0.135559 141.269 -52.571
0.0937285 124.494 -45.729
0.105441 132.724 -44.216
-0.00196737 112.866 51.055
0.00316015 101.524 47.377
-0.00359444 105.612 48.222
-0.00406408 109.604 50.027
0.00883208 110.835 42.245
0.00444982 343.148 -65.447
0.0174873 350.794 -61.990
0.0413524 325.636 -64.946
0.0298948 357.803 -74.870
0.0433634 336.977 -65.778
-0.0313747 352.657 -65.155
0.0444878 332.984 -82.538
0.0091332 345.575 -58.166
0.0361799 328.217 -70.297
0.0173622 6.169 -68.752
0.0216128 325.128 -55.432
0.00397133 95.315 -29.961
0.00015068 90.181 -20.611
-0.00066718 86.893 -29.948
0.00449536 96.849 -24.647
-0.00110628 91.712 -28.106
-0.0045443 100.282 -29.220
0.0675391 163.998 -8.211
0.0549777 159.593 -3.852
0.058773 162.694 -6.579
0.00770127 124.884 41.269
0.00216705 114.644 38.771
0.00184896 118.815 39.260
0.00405391 122.385 40.591
0.0116033 121.621 34.919
0.156215 236.180 47.892
0.166692 244.711 47.470
0.158319 224.358 51.817
0.152162 230.277 48.923
0.149583 236.611 51.411
0.155201 231.230 47.476
-0.0205666 73.883 68.616
-0.0127014 38.884 64.012
-0.00416397 58.558 58.781
-0.00129449 63.548 60.997
-0.00562883 67.707 65.328
-0.00463811 39.899 70.680
-0.00184254 350.519 8.633
-0.00649944 338.875 15.068
-0.00151935 346.180 16.166
-0.00102688 347.506 11.167
-0.000280282 341.020 11.247
0.000528251 39.966 14.609
-0.000232911 35.570 26.486
-0.00103609 47.323 21.444
2.91073e-05 51.309 23.732
-0.00278708 43.065 10.422
0.00105045 35.069 16.369
0.00124284 349.579 -43.695
-0.000268041 352.660 -41.162
0.00533097 337.305 -44.748
-0.000176746 345.849 -44.416
0.00140587 354.537 -43.355
0.00343858 349.944 -39.400
0.000715615 334.763 -54.687
-0.00193135 6.100 -48.119
0.000462569 340.019 -38.359
0.0177069 101.332 70.802
0.00083064 56.080 73.330
-0.00902398 81.594 64.049
0.0217637 88.894 66.072
-0.00789607 95.433 69.270
0.0821472 133.489 76.800
0.262155 234.320 -27.320
0.255796 227.246 -26.195
0.253715 229.920 -28.549
0.179794 211.169 49.752
0.160866 196.953 51.185
0.161592 193.611 52.317
0.163792 202.253 49.829
0.165239 208.336 54.308
0.167191 204.138 48.522
0.14617 279.086 7.245
0.134801 277.751 14.155
0.132449 280.537 13.374
0.126226 286.663 18.477
0.132183 281.919 11.126
0.134031 279.643 17.646
0.167187 272.028 15.321
0.0044968 298.164 50.060
0.00429813 303.665 48.429
0.00147643 309.954 51.335
0.00754579 305.263 42.751
0.000842682 304.098 52.520
0.000452534 336.163 -17.553
0.000961298 339.226 -14.386
-0.00307772 326.781 -17.289
0.0011174 328.540 -8.326
0.000430876 335.262 -5.169
-0.00226418 332.412 -17.888
-0.00176505 343.284 -18.946
0.000813858 336.580 -12.490
-0.00043943 331.539 -12.050
0.138286 279.715 -52.438
0.13497 272.614 -47.718
0.174574 259.243 -49.244
0.133128 275.049 -49.887
0.137319 268.930 -50.236
0.142864 278.299 -43.872
-0.00639804 70.328 64.768
-0.000241521 38.142 58.328
-0.000168014 54.622 53.760
0.00333604 58.953 55.813
0.00418503 63.288 60.466
0.153662 150.633 9.813
0.0925246 151.285 -1.367
0.115516 148.421 9.688
0.163789 147.045 4.442
0.1606 149.603 1.333
0.0878067 200.752 64.697
0.0495572 164.880 63.473
0.0374107 148.979 63.254
0.0479762 160.950 63.726
0.0651918 174.786 63.218
0.0624513 178.395 69.828
0.0823397 182.163 61.369
0.0180399 299.622 25.661
0.00944785 303.461 24.290
0.000704011 307.629 26.793
0.00677286 303.094 28.178
0.00134015 349.179 -12.641
-0.00222877 351.564 -8.610
0.00465021 338.597 -1.960
-0.00545937 347.811 -0.638
-0.00289156 344.293 -14.771
-0.00342305 354.628 -12.222
-0.00314798 349.381 -7.021
0.00103783 343.272 -6.785
0.000785892 0.063 -54.379
0.00814661 3.308 -51.408
-0.0165849 342.473 -56.350
-0.00139313 17.143 -64.000
0.00554447 355.434 -55.447
0.0091762 5.498 -53.522
-0.0128281 359.361 -49.184
0.00321563 347.347 -63.922
-0.00162533 14.310 -56.015
0.0070116 341.536 -47.048
0.155025 275.523 0.122
0.151936 274.040 6.193
0.142348 276.869 5.422
0.148081 285.273 12.880
0.156228 278.185 3.184
0.160131 275.953 10.795
0.24981 245.554 -6.713
0.23713 243.758 -0.162
0.278192 248.460 -0.004
0.249069 237.937 -6.298
0.251127 241.330 -9.993
0.253791 239.126 1.854
0.239631 240.438 -0.376
0.20001 212.141 38.986
0.188493 201.076 40.537
0.200005 197.692 42.078
0.191029 205.482 39.015
0.195447 206.756 37.909
0.216062 184.738 29.416
0.223979 182.219 30.395
0.216809 188.769 28.544
0.230137 190.311 27.541
0.124393 276.437 -68.994
0.122687 267.053 -63.877
0.132503 248.019 -74.595
0.149296 247.192 -64.512
0.122945 270.462 -66.670
0.138885 244.596 -69.674
0.161774 260.474 -66.616
0.147452 280.971 -56.011
-0.000987637 42.107 13.368
-0.000418696 49.399 20.039
0.00269799 53.132 22.197
-0.0206101 45.158 9.603
0.00124527 36.867 14.963
0.247132 210.909 -2.465
0.237212 212.761 2.472
0.00125275 7.210 -25.631
-0.000173017 2.106 -28.678
-0.00312424 10.886 -24.213
-0.00173475 6.956 -21.182
0.00262306 19.024 -27.930
0.0189307 281.046 64.170
0.0119161 290.256 62.045
0.0263 264.088 75.091
0.0302468 300.259 67.191
0.0181924 265.206 79.312
0.0225964 269.589 68.296
0.0368112 288.871 67.923
0.0187069 265.696 64.802
0.0437376 235.837 71.590
0.0542207 263.210 68.945
0.0221006 198.050 76.128
0.0381727 263.983 81.398
0.0341669 149.258 77.869
0.0391019 189.615 77.405
0.0319889 213.584 73.571
0.0179703 230.064 77.908
0.0458468 218.436 70.233
-0.00197888 338.268 -3.819
0.0030912 331.016 8.961
-0.00109903 336.597 10.678
-0.00635034 331.978 -4.965
-0.000647086 338.053 5.549
-0.000785712 332.818 5.917
0.00983268 329.556 17.795
0.00449447 91.426 43.418
4.16196e-05 79.255 36.163
0.000101811 81.840 37.160
0.000978861 85.728 40.120
0.00145474 89.200 32.050
-0.0665591 77.785 73.576
0.0125961 35.786 69.668
0.00708793 60.855 63.789
0.00664386 67.156 66.415
-0.00541753 71.543 70.842
0.0294331 38.679 75.561
0.169967 175.457 38.277
0.168783 173.194 38.803
0.177795 180.096 37.841
0.19331 182.530 36.814
0.00998201 320.290 -34.313
-0.000370004 325.944 -32.329
0.0186753 313.534 -32.541
0.0140433 312.949 -24.393
0.0136915 317.011 -33.724
-0.00326573 329.694 -37.087
0.00340375 322.283 -29.818
0.031282 308.452 -39.728
0.0122576 316.088 -29.133
0.00257719 341.333 50.322
-0.00135298 358.143 51.949
-0.00118087 20.587 51.552
0.00074402 358.365 40.819
0.000763283 352.901 55.909
0.00268462 90.493 52.304
0.0109459 58.872 55.113
0.00234328 78.251 45.769
-0.00032396 81.442 46.925
-0.00487979 85.437 49.768
-0.000528587 92.341 39.739
-0.00307562 332.998 6.891
0.00104297 312.801 18.041
-0.0039393 319.850 15.092
-0.00269607 324.295 17.144
-0.00187278 326.485 11.814
-0.00110943 320.986 12.568
-0.0656293 121.471 72.831
0.0372368 65.689 79.633
0.0233312 94.251 67.111
0.0538905 105.276 69.188
-0.0259578 114.973 71.958
0.00111192 147.705 75.627
0.00471289 111.799 81.436
0.0984612 133.646 -53.430
0.131749 147.844 -52.986
0.0764857 116.217 -58.150
0.104549 138.136 -53.067
0.117542 132.413 -46.756
0.118885 144.647 -58.297
0.097091 126.964 -53.387
0.105099 136.835 -51.591
0.0826604 150.832 47.268
0.0532289 132.159 46.760
0.0730206 142.776 46.626
0.0781667 148.475 47.231
0.0910714 144.271 40.287
0.0949154 158.450 48.059
0.121874 165.963 47.084
0.00944515 117.377 40.278
0.00114538 107.803 37.149
0.000309729 111.243 37.740
0.00404596 114.610 39.304
-0.00294404 114.415 33.582
0.249006 228.680 -33.490
0.223655 209.552 -42.588
0.319469 230.826 -21.241
0.236575 220.957 -31.978
0.275763 231.565 -39.061
0.246738 217.382 -34.810
0.235442 223.514 -34.322
0.161053 220.649 -18.123
0.275033 222.916 -24.251
0.280708 212.238 -34.893
0.135618 256.187 -72.106
0.14488 249.495 -65.438
0.140997 224.328 -72.830
0.140051 231.039 -64.707
0.127129 251.022 -68.814
0.145638 226.447 -68.676
0.144349 240.277 -67.553
0.0918906 272.440 40.731
0.0892327 276.257 39.926
0.079305 281.715 43.992
0.107859 266.330 43.291
0.0985073 279.824 35.604
0.0880573 274.670 43.381
0.109112 266.678 41.181
-0.00334252 302.495 67.588
-0.00388189 314.600 63.901
0.0089833 313.419 82.729
-0.0136616 332.370 68.337
-0.000880736 345.727 82.798
0.00491498 287.792 75.307
-0.00247853 322.713 70.838
0.000547508 313.124 26.736
-0.000425053 319.575 24.266
-0.00131719 324.192 26.185
-0.00180233 327.082 20.472
0.000831293 320.538 21.464
0.00164118 319.696 28.819
0.132464 211.296 59.177
0.110136 191.044 60.618
0.111285 167.336 63.291
0.110895 187.164 61.519
0.11117 198.255 59.325
0.108899 204.931 63.984
0.127663 201.388 57.637
0.000849164 349.220 -22.865
-5.46689e-05 351.581 -19.899
-0.0013352 336.087 -25.243
-0.000422449 347.303 -9.094
-0.00333038 345.342 -24.151
0.0002971 353.903 -22.564
0.000445677 349.456 -18.444
-0.00237108 342.915 -18.034
0.000980871 334.332 34.849
0.000940376 341.763 36.346
0.00106792 343.855 29.983
-0.00115492 334.536 30.232
0.00189926 336.935 39.765
0.00552514 301.101 46.314
0.00430412 306.314 44.700
0.00111482 312.059 47.325
-0.00130856 323.219 35.525
0.00692469 287.616 52.950
0.00551673 307.582 39.943
0.0021253 306.778 48.617
-0.427014 284.394 48.771
0.0841355 240.527 64.811
0.0827036 256.298 63.297
0.0753806 219.134 69.624
0.0545334 213.343 71.659
0.0644893 228.346 66.588
0.0716515 240.113 69.495
0.0902582 230.025 64.131
0.221779 207.338 40.137
0.195906 195.160 41.122
0.202241 192.153 42.322
0.199461 199.553 39.876
0.218996 205.826 45.369
0.207882 201.036 38.779
-0.000850208 14.904 -42.604
-0.000155063 10.106 -44.954
-0.00510134 18.722 -41.194
-0.00258456 13.473 -38.114
0.0046924 24.685 -42.841
0.0247991 83.285 64.047
0.00084752 50.015 62.755
-0.0183708 68.708 56.164
-0.0103706 73.158 57.890
-0.00644044 77.633 61.407
0.0254768 55.318 70.435
0.00196217 310.869 59.911
-0.000864618 320.700 56.784
-0.000684627 332.583 59.850
0.00373699 318.833 46.249
0.000866602 325.934 62.178
0.00838183 319.800 -31.923
0.00260708 325.416 -29.918
0.0180726 313.143 -30.042
0.0137246 312.926 -22.435
0.0133138 316.515 -31.269
0.000200563 329.672 -35.069
0.00437089 321.648 -27.370
0.0352494 307.578 -37.775
0.0115063 315.707 -26.704
-0.00534427 99.896 63.290
0.0374787 62.980 67.445
-0.00217727 85.004 57.590
0.00107597 90.155 59.052
0.0426526 95.181 61.740
-0.0334626 82.269 73.473
-0.00540984 334.362 44.526
0.00106794 344.060 46.301
-0.00119531 346.642 37.598
0.000880128 332.939 37.797
0.000871544 339.087 49.398
