
 arg1_res_max_sigmas = 3               
 res_max_sigmas =    3.0000000000000000     

 arg2_max_iter_outliers = 4               
 max_iter_outliers =            4
 nobs,nunk=           9           2
 iter_outliers,nobs_sel=           1           9
 (At.A) =   22.609653389530031       -122.49474580127230        686.48101620252328     

  INVERTING At.A

  Cholesky decomposition...
 Error status dpptrf=           0
  Inversion...
 Error status dpptri=           0
 (At.A)**-1 =   1.3300413688948991       0.23733078634747259        4.3805689647181817E-002

  COMPUTING x=(At.A)^-1 * (At.y)

 x=(At.A)^-1 * (At.y)=  -4.8305349404019898E-003  -3.3095891628097743E-004

  COMPUTING residuals: (y-A.x) and X**2

 Chi**2 =    6.6117273411986510E-006
 iter_outliers, Std.Dev.=           1   2.2574431541757227E-004
 iter_outliers, Std.Dev.Sel.=           1   2.2574431541757227E-004
 iter_outliers,noutliers=           1           0
 nobs,nunk=           9           2
 iter_outliers,nobs_sel=           2           9
 (At.A) =   22.609653389530031       -122.49474580127230        686.48101620252328     

  INVERTING At.A

  Cholesky decomposition...
 Error status dpptrf=           0
  Inversion...
 Error status dpptri=           0
 (At.A)**-1 =   1.3300413688948991       0.23733078634747259        4.3805689647181817E-002

  COMPUTING x=(At.A)^-1 * (At.y)

 x=(At.A)^-1 * (At.y)=  -4.8305349404019898E-003  -3.3095891628097743E-004

  COMPUTING residuals: (y-A.x) and X**2

 Chi**2 =    6.6117273411986510E-006
 iter_outliers, Std.Dev.=           2   2.2574431541757227E-004
 iter_outliers, Std.Dev.Sel.=           2   2.2574431541757227E-004
 iter_outliers,noutliers=           2           0
 nobs,nunk=           9           2
 iter_outliers,nobs_sel=           3           9
 (At.A) =   22.609653389530031       -122.49474580127230        686.48101620252328     

  INVERTING At.A

  Cholesky decomposition...
 Error status dpptrf=           0
  Inversion...
 Error status dpptri=           0
 (At.A)**-1 =   1.3300413688948991       0.23733078634747259        4.3805689647181817E-002

  COMPUTING x=(At.A)^-1 * (At.y)

 x=(At.A)^-1 * (At.y)=  -4.8305349404019898E-003  -3.3095891628097743E-004

  COMPUTING residuals: (y-A.x) and X**2

 Chi**2 =    6.6117273411986510E-006
 iter_outliers, Std.Dev.=           3   2.2574431541757227E-004
 iter_outliers, Std.Dev.Sel.=           3   2.2574431541757227E-004
 iter_outliers,noutliers=           3           0
 nobs,nunk=           9           2
 iter_outliers,nobs_sel=           4           9
 (At.A) =   22.609653389530031       -122.49474580127230        686.48101620252328     

  INVERTING At.A

  Cholesky decomposition...
 Error status dpptrf=           0
  Inversion...
 Error status dpptri=           0
 (At.A)**-1 =   1.3300413688948991       0.23733078634747259        4.3805689647181817E-002

  COMPUTING x=(At.A)^-1 * (At.y)

 x=(At.A)^-1 * (At.y)=  -4.8305349404019898E-003  -3.3095891628097743E-004

  COMPUTING residuals: (y-A.x) and X**2

 Chi**2 =    6.6117273411986510E-006
 Final SIGMA,nobs, iter_outliers=   2.2574431541757227E-004           9           4
 Final filtered SIGMA & nobs=   2.2574431541757227E-004           9
 iter_outliers, Std.Dev.=           4   2.2574431541757227E-004
 iter_outliers, Std.Dev.Sel.=           4   2.2574431541757227E-004
 iter_outliers,noutliers=           4           0
