134.199 42.296 0.1147752349E+01 0.3602576E-01 212.341 -13.060 9acu1
122.374 40.504 0.1788946683E+01 0.2015527E-01 212.341 -13.060 14acu1
127.900 40.819 0.1174753989E+01 0.1896911E-01 212.341 -13.060 15acu1
131.889 41.889 0.1011098864E+01 0.2688533E-01 212.341 -13.060 18acu1
130.308 36.139 0.1593294060E+01 0.4455726E-01 212.341 -13.060 21acu1
145.382 45.074 0.2322091876E+01 0.1134531E+00 212.341 -13.060 26acu1
341.388 -36.453 0.1108172196E+01 -0.1065645E-02 212.337 -13.056 1ade1
344.590 -34.048 0.1261187792E+01 -0.3996166E-03 212.337 -13.056 2ade1
331.697 -36.706 0.1930369158E+01 0.2496019E-02 212.337 -13.056 4ade1
337.998 -36.876 0.1259097155E+01 0.9514671E-04 212.337 -13.056 13ade1
346.718 -36.652 0.1574688948E+01 0.6152830E-02 212.337 -13.056 16ade1
342.100 -32.333 0.1165652766E+01 -0.8531492E-03 212.337 -13.056 20ade1
334.997 -31.627 0.1624121567E+01 -0.8182623E-03 212.337 -13.056 27ade1
316.188 34.129 0.2282039489E+01 -0.2943208E-02 212.337 -13.059 7aira
326.170 30.519 0.1442355721E+01 -0.2286695E-02 212.337 -13.059 8aira
332.956 32.567 0.1021544178E+01 0.2851233E-02 212.337 -13.059 11aira
336.014 25.440 0.1609441080E+01 0.4123021E-03 212.337 -13.059 20aira
327.081 26.317 0.1633225165E+01 0.2283524E-02 212.337 -13.059 27aira
327.457 36.014 0.1511544442E+01 -0.7710066E-02 212.337 -13.059 28aira
336.962 -26.759 0.1283240067E+01 -0.1839502E-03 212.337 -13.057 1alic
340.104 -24.197 0.1355054385E+01 0.1236899E-03 212.337 -13.057 2alic
328.199 -26.616 0.1947129095E+01 0.5156958E-02 212.337 -13.057 4alic
327.471 -16.876 0.2291279635E+01 0.5680266E-02 212.337 -13.057 8alic
336.206 -11.631 0.2442880187E+01 0.9958703E-03 212.337 -13.057 11alic
333.605 -27.043 0.1396111400E+01 -0.2166177E-02 212.337 -13.057 13alic
342.997 -27.571 0.1923713389E+01 -0.6787141E-02 212.337 -13.057 16alic
337.609 -22.449 0.1097876393E+01 -0.1211535E-02 212.337 -13.057 20alic
332.007 -21.926 0.1377182728E+01 0.6596856E-03 212.337 -13.057 27alic
130.327 -20.018 0.1333483961E+01 0.1430818E+00 212.341 -13.057 6areq
133.869 -19.826 0.1488227059E+01 0.1824789E+00 212.341 -13.057 17areq
130.149 -15.185 0.1046559402E+01 0.1089209E+00 212.341 -13.057 21areq
125.304 -20.110 0.1743429078E+01 0.1385243E+00 212.341 -13.057 25areq
132.470 -17.907 0.1156314189E+01 0.1298215E+00 212.341 -13.057 30areq
188.937 -9.850 0.1149252156E+01 0.2677654E+00 212.340 -13.058 10asc1
185.919 -11.908 0.1439316056E+01 0.3432549E+00 212.340 -13.058 17asc1
190.577 -2.299 0.1746950039E+01 0.4293882E+00 212.340 -13.058 26asc1
191.815 -4.122 0.1634378575E+01 0.3985860E+00 212.340 -13.058 29asc1
184.241 -10.782 0.1452009080E+01 0.3426016E+00 212.340 -13.058 30asc1
27.785 -20.227 0.1835682353E+01 0.2879778E-02 212.339 -13.057 1aspa
38.028 -8.962 0.2051748211E+01 0.5667580E-02 212.339 -13.057 14aspa
31.819 -16.769 0.1179548206E+01 0.4741484E-02 212.339 -13.057 16aspa
27.159 -14.188 0.1392342628E+01 -0.6660277E-03 212.339 -13.057 20aspa
36.591 -18.237 0.1763014768E+01 -0.6060854E-02 212.339 -13.057 25aspa
256.817 15.319 0.2392438833E+01 0.5870243E+00 212.337 -13.059 4bahr
253.159 25.967 0.1005573279E+01 0.1821776E+00 212.337 -13.059 7bahr
256.802 25.608 0.1336283209E+01 0.2500332E+00 212.337 -13.059 8bahr
248.932 27.547 0.1327563314E+01 0.2520725E+00 212.337 -13.059 26bahr
261.313 21.799 0.2116723010E+01 0.4476976E+00 212.337 -13.059 27bahr
254.588 29.256 0.1319409712E+01 0.2472454E+00 212.337 -13.059 28bahr
249.760 25.993 0.1184776650E+01 0.2221615E+00 212.337 -13.059 29bahr
313.199 -14.648 0.2162703265E+01 0.3863279E-01 212.336 -13.058 1bako
305.560 -9.773 0.1494298168E+01 0.2925131E-01 212.336 -13.058 4bako
301.344 -1.194 0.2162912134E+01 0.6550860E-01 212.336 -13.058 7bako
307.066 -4.037 0.1242465986E+01 0.2071029E-01 212.336 -13.058 8bako
312.309 0.335 0.1940005849E+01 0.2544543E-01 212.336 -13.058 11bako
308.538 -12.170 0.1657729350E+01 0.4165528E-01 212.336 -13.058 13bako
313.931 -7.241 0.1545083280E+01 0.1638111E-01 212.336 -13.058 20bako
308.322 -6.404 0.1011137053E+01 0.1407221E-01 212.336 -13.058 27bako
304.968 5.693 0.2525511707E+01 0.2665697E-01 212.336 -13.058 28bako
30.630 55.305 0.1513130198E+01 -0.4176946E-02 212.339 -13.060 11bay2
46.130 51.746 0.1540727265E+01 -0.1776072E-03 212.339 -13.060 14bay2
50.719 54.109 0.1761300506E+01 -0.2432588E-02 212.339 -13.060 15bay2
55.301 59.864 0.2187899030E+01 0.9828668E-02 212.339 -13.060 18bay2
26.795 62.573 0.2203395575E+01 -0.2740229E-02 212.339 -13.060 28bay2
333.127 62.404 0.2632755954E+01 0.5391650E-03 212.338 -13.060 8bili
31.967 79.619 0.2490481519E+01 -0.1128124E-01 212.338 -13.060 9bili
2.515 65.570 0.1265981601E+01 0.4253063E-02 212.338 -13.060 11bili
33.087 63.333 0.2307266754E+01 -0.2502362E-01 212.338 -13.060 14bili
39.966 68.006 0.2367492183E+01 0.5828378E-01 212.338 -13.060 15bili
34.339 74.993 0.2269218681E+01 -0.8778881E-01 212.338 -13.060 18bili
356.510 69.666 0.1455212253E+01 0.5994243E-03 212.338 -13.060 28bili
308.830 39.398 0.1840309852E+01 0.4240382E-02 212.337 -13.059 7bjfs
314.439 37.496 0.1278986907E+01 -0.3520437E-03 212.337 -13.059 8bjfs
319.696 39.661 0.1051794471E+01 -0.1338402E-02 212.337 -13.059 11bjfs
325.479 31.573 0.2221460633E+01 -0.6469980E-02 212.337 -13.059 20bjfs
315.276 33.751 0.1689821585E+01 0.2749745E-02 212.337 -13.059 27bjfs
315.099 41.438 0.1225309737E+01 -0.2220105E-03 212.337 -13.059 28bjfs
225.350 49.830 0.1439815860E+01 0.2381113E+00 212.339 -13.060 7bor1
212.843 52.657 0.1348268543E+01 0.2148384E+00 212.339 -13.060 9bor1
208.538 54.597 0.1790202717E+01 0.4554996E-01 212.339 -13.060 18bor1
218.410 50.536 0.1072289377E+01 0.1741980E+00 212.339 -13.060 26bor1
224.678 53.755 0.1323318000E+01 0.2095895E+00 212.339 -13.060 28bor1
219.730 49.133 0.1221452667E+01 0.2020284E+00 212.339 -13.060 29bor1
152.053 -20.108 0.1496315542E+01 0.2717806E+00 212.341 -13.057 6braz
155.254 -18.611 0.1228269152E+01 0.2255678E+00 212.341 -13.057 17braz
151.271 -14.705 0.1243148803E+01 0.2171378E+00 212.341 -13.057 21braz
154.078 -17.247 0.1058169162E+01 0.1842962E+00 212.341 -13.057 30braz
142.360 -36.078 0.1105204610E+01 0.1689047E+00 212.341 -13.057 6bue1
151.488 -35.272 0.1770166863E+01 0.3236229E+00 212.341 -13.057 10bue1
145.553 -35.424 0.1103346467E+01 0.1777153E+00 212.341 -13.057 17bue1
141.267 -31.188 0.1334606510E+01 0.2123075E+00 212.341 -13.057 21bue1
153.228 -42.166 0.2327058406E+01 0.4557311E+00 212.341 -13.057 24bue1
136.084 -36.899 0.1771300118E+01 0.2796778E+00 212.341 -13.057 25bue1
144.393 -34.162 0.1015433146E+01 0.1618543E+00 212.341 -13.057 30bue1
317.438 -65.558 0.1111398580E+01 0.5873731E-01 212.338 -13.056 1cas1
331.434 -62.724 0.2049488384E+01 0.7809969E-01 212.338 -13.056 2cas1
304.538 -63.227 0.1432336031E+01 0.9063371E-01 212.338 -13.056 4cas1
316.084 -77.345 0.2328613314E+01 0.1651432E+00 212.338 -13.056 6cas1
311.502 -64.964 0.1043545890E+01 0.1097741E+00 212.338 -13.056 13cas1
330.462 -66.943 0.1825140046E+01 0.9216557E-01 212.338 -13.056 16cas1
282.745 -77.169 0.2557105957E+01 0.2656468E+00 212.338 -13.056 17cas1
327.153 -57.816 0.2275225812E+01 0.1217531E+00 212.338 -13.056 20cas1
302.069 -67.486 0.1409154689E+01 0.1069419E+00 212.338 -13.056 24cas1
349.313 -73.929 0.2571562959E+01 0.1674997E+00 212.338 -13.056 25cas1
308.694 -55.788 0.2254264672E+01 0.1365769E+00 212.338 -13.056 27cas1
190.268 39.395 0.1116309191E+01 0.2129672E+00 212.340 -13.060 9casc
187.514 40.409 0.1432665421E+01 0.2829286E+00 212.340 -13.060 18casc
194.589 38.350 0.1064986831E+01 0.2095673E+00 212.340 -13.060 26casc
196.201 37.281 0.1235181650E+01 0.2443751E+00 212.340 -13.060 29casc
98.306 44.155 0.1927964803E+01 0.1386289E-01 212.340 -13.059 9ceda
87.689 38.738 0.1121814678E+01 -0.4535317E-03 212.340 -13.059 14ceda
90.460 39.627 0.1047122208E+01 0.8404702E-03 212.340 -13.059 15ceda
94.029 42.004 0.1359858233E+01 -0.6660260E-03 212.340 -13.059 18ceda
96.376 34.713 0.1990168448E+01 -0.9210216E-02 212.340 -13.059 21ceda
22.796 -45.227 0.1155705509E+01 -0.1271795E-02 212.339 -13.056 1chat
24.371 -42.042 0.1100198798E+01 -0.9197556E-04 212.339 -13.056 2chat
38.242 -51.554 0.2384383947E+01 -0.1833162E-02 212.339 -13.056 6chat
17.476 -48.145 0.1840721699E+01 -0.3393570E-03 212.339 -13.056 13chat
26.610 -43.520 0.1019778810E+01 0.8214358E-03 212.339 -13.056 16chat
20.304 -40.434 0.1536317905E+01 0.1512836E-02 212.339 -13.056 20chat
31.918 -44.604 0.1469211785E+01 -0.9736694E-03 212.339 -13.056 25chat
304.106 -19.843 0.2158710381E+01 0.1253528E+00 212.336 -13.057 1coco
296.803 -14.377 0.1244098374E+01 0.8326617E-01 212.336 -13.057 4coco
293.233 -6.767 0.1961440703E+01 0.1538175E+00 212.336 -13.057 7coco
298.001 -9.129 0.1251257409E+01 0.7698331E-01 212.336 -13.057 8coco
304.972 -2.239 0.2417739451E+01 0.8303782E-01 212.336 -13.057 11coco
299.325 -16.724 0.1480284208E+01 0.9434443E-01 212.336 -13.057 13coco
306.270 -12.615 0.1882428868E+01 0.8519448E-01 212.336 -13.057 20coco
290.416 -22.901 0.2574786510E+01 0.2784092E+00 212.336 -13.057 24coco
299.191 -11.565 0.1011149713E+01 0.6122065E-01 212.336 -13.057 27coco
129.936 -45.875 0.1009761774E+01 0.9961874E-01 212.341 -13.056 6coyq
143.454 -46.097 0.2137624724E+01 0.2844890E+00 212.341 -13.056 10coyq
113.935 -50.777 0.2434846302E+01 0.1362661E+00 212.341 -13.056 16coyq
133.881 -45.679 0.1177331520E+01 0.1258222E+00 212.341 -13.056 17coyq
129.463 -40.400 0.1512746528E+01 0.1625552E+00 212.341 -13.056 21coyq
141.269 -52.571 0.2250576972E+01 0.3050852E+00 212.341 -13.056 24coyq
124.494 -45.729 0.1369346016E+01 0.1283467E+00 212.341 -13.056 25coyq
132.724 -44.216 0.1120356055E+01 0.1181311E+00 212.341 -13.056 30coyq
112.866 51.055 0.1415405138E+01 -0.2784631E-02 212.340 -13.060 9dubo
101.524 47.377 0.1379965513E+01 0.4360897E-02 212.340 -13.060 14dubo
105.612 48.222 0.1096762855E+01 -0.3942251E-02 212.340 -13.060 15dubo
109.604 50.027 0.1126099524E+01 -0.4576563E-02 212.340 -13.060 18dubo
110.835 42.245 0.2024220946E+01 0.1787809E-01 212.340 -13.060 21dubo
343.148 -65.447 0.1037036811E+01 0.4614622E-02 212.338 -13.056 1dum1
350.794 -61.990 0.1641884563E+01 0.2871214E-01 212.338 -13.056 2dum1
325.636 -64.946 0.1794146063E+01 0.7419233E-01 212.338 -13.056 4dum1
357.803 -74.870 0.2169451631E+01 0.6485526E-01 212.338 -13.056 6dum1
336.977 -65.778 0.1124953126E+01 0.4878178E-01 212.338 -13.056 13dum1
352.657 -65.155 0.1435731922E+01 -0.4504569E-01 212.338 -13.056 16dum1
332.984 -82.538 0.2655860259E+01 0.1181533E+00 212.338 -13.056 17dum1
345.575 -58.166 0.2015129354E+01 0.1840457E-01 212.338 -13.056 20dum1
328.217 -70.297 0.1705968056E+01 0.6172175E-01 212.338 -13.056 24dum1
6.169 -68.752 0.2122451909E+01 0.3685037E-01 212.338 -13.056 25dum1
325.128 -55.432 0.2528266756E+01 0.5464283E-01 212.338 -13.056 27dum1
95.315 -29.961 0.1340074456E+01 0.5321880E-02 212.341 -13.057 6eisl
90.181 -20.611 0.1810156614E+01 0.2727543E-03 212.341 -13.057 14eisl
86.893 -29.948 0.1673294711E+01 -0.1116389E-02 212.341 -13.057 16eisl
96.849 -24.647 0.1439964873E+01 0.6473156E-02 212.341 -13.057 21eisl
91.712 -28.106 0.1057873268E+01 -0.1170306E-02 212.341 -13.057 25eisl
100.282 -29.220 0.1850186037E+01 -0.8407809E-02 212.341 -13.057 30eisl
163.998 -8.211 0.1441028156E+01 0.9732570E-01 212.341 -13.058 17fort
159.593 -3.852 0.1391323139E+01 0.7649171E-01 212.341 -13.058 21fort
162.694 -6.579 0.1221773985E+01 0.7180732E-01 212.341 -13.058 30fort
124.884 41.269 0.1272946023E+01 0.9803299E-02 212.341 -13.059 9freo
114.644 38.771 0.1513296201E+01 0.3279392E-02 212.341 -13.059 14freo
118.815 39.260 0.1082369416E+01 0.2001256E-02 212.341 -13.059 15freo
122.385 40.591 0.1049908118E+01 0.4256236E-02 212.341 -13.059 18freo
121.621 34.919 0.1544335638E+01 0.1791932E-01 212.341 -13.059 21freo
236.180 47.892 0.1262854716E+01 0.1972774E+00 212.338 -13.060 7glsv
244.711 47.470 0.2020573379E+01 0.3368135E+00 212.338 -13.060 8glsv
224.358 51.817 0.1581922494E+01 0.2504487E+00 212.338 -13.060 9glsv
230.277 48.923 0.1102547180E+01 0.1677661E+00 212.338 -13.060 26glsv
236.611 51.411 0.1203186634E+01 0.1799766E+00 212.338 -13.060 28glsv
231.230 47.476 0.1204303197E+01 0.1869096E+00 212.338 -13.060 29glsv
73.883 68.616 0.2163861824E+01 -0.4450335E-01 212.339 -13.060 9grnr
38.884 64.012 0.1700470230E+01 -0.2159833E-01 212.339 -13.060 11grnr
58.558 58.781 0.1593408613E+01 -0.6634908E-02 212.339 -13.060 14grnr
63.548 60.997 0.1590075600E+01 -0.2058343E-02 212.339 -13.060 15grnr
67.707 65.328 0.1733169049E+01 -0.9755721E-02 212.339 -13.060 18grnr
39.899 70.680 0.2035001865E+01 -0.9438569E-02 212.339 -13.060 28grnr
350.519 8.633 0.1697197249E+01 -0.3127161E-02 212.337 -13.058 2guam
338.875 15.068 0.1995326190E+01 -0.1296851E-01 212.337 -13.058 8guam
346.180 16.166 0.1204460426E+01 -0.1829997E-02 212.337 -13.058 11guam
347.506 11.167 0.1158190092E+01 -0.1189321E-02 212.337 -13.058 20guam
341.020 11.247 0.1731304308E+01 -0.4852526E-03 212.337 -13.058 27guam
39.966 14.609 0.1951267039E+01 0.1030759E-02 212.339 -13.058 2hnlc
35.570 26.486 0.2192342458E+01 -0.5106216E-03 212.339 -13.058 11hnlc
47.323 21.444 0.1221375336E+01 -0.1265453E-02 212.339 -13.058 14hnlc
51.309 23.732 0.1852340193E+01 0.5391659E-04 212.339 -13.058 15hnlc
43.065 10.422 0.2337348645E+01 -0.6514387E-02 212.339 -13.058 16hnlc
35.069 16.369 0.2237263790E+01 0.2350127E-02 212.339 -13.058 20hnlc
349.579 -43.695 0.1033505691E+01 0.1284481E-02 212.338 -13.056 1hob2
352.660 -41.162 0.1195072036E+01 -0.3203284E-03 212.338 -13.056 2hob2
337.305 -44.748 0.2113793131E+01 0.1126856E-01 212.338 -13.056 4hob2
345.849 -44.416 0.1256097273E+01 -0.2220101E-03 212.338 -13.056 13hob2
354.537 -43.355 0.1331006339E+01 0.1871222E-02 212.338 -13.056 16hob2
349.944 -39.400 0.1258078287E+01 0.4326009E-02 212.338 -13.056 20hob2
334.763 -54.687 0.2654730855E+01 0.1899765E-02 212.338 -13.056 24hob2
6.100 -48.119 0.2496066848E+01 -0.4820773E-02 212.338 -13.056 25hob2
340.019 -38.359 0.2022639791E+01 0.9356106E-03 212.338 -13.056 27hob2
101.332 70.802 0.1595729421E+01 0.2825544E-01 212.340 -13.060 9holm
56.080 73.330 0.2080925520E+01 0.1728501E-02 212.340 -13.060 11holm
81.594 64.049 0.1752023345E+01 -0.1581023E-01 212.340 -13.060 14holm
88.894 66.072 0.1480731319E+01 0.3222623E-01 212.340 -13.060 15holm
95.433 69.270 0.1360835789E+01 -0.1074525E-01 212.340 -13.060 18holm
133.489 76.800 0.2575673922E+01 0.2115844E+00 212.340 -13.060 26holm
234.320 -27.320 0.1436096951E+01 0.3764802E+00 212.338 -13.057 4hrao
227.246 -26.195 0.1147109274E+01 0.2934265E+00 212.338 -13.057 10hrao
229.920 -28.549 0.1209172554E+01 0.3067851E+00 212.338 -13.057 24hrao
211.169 49.752 0.1784244466E+01 0.3207971E+00 212.339 -13.060 7hrm1
196.953 51.185 0.1151525441E+01 0.1852414E+00 212.339 -13.060 9hrm1
193.611 52.317 0.1449157947E+01 0.2341722E+00 212.339 -13.060 18hrm1
202.253 49.829 0.1079839058E+01 0.1768685E+00 212.339 -13.060 26hrm1
208.336 54.308 0.1589013000E+01 0.2625672E+00 212.339 -13.060 28hrm1
204.138 48.522 0.1290434184E+01 0.2157486E+00 212.339 -13.060 29hrm1
279.086 7.245 0.1654934089E+01 0.2419013E+00 212.337 -13.059 4iisc
277.751 14.155 0.1137051138E+01 0.1532752E+00 212.337 -13.059 7iisc
280.537 13.374 0.1028055057E+01 0.1361646E+00 212.337 -13.059 8iisc
286.663 18.477 0.2100191776E+01 0.2650981E+00 212.337 -13.059 11iisc
281.919 11.126 0.1217920520E+01 0.1609884E+00 212.337 -13.059 27iisc
279.643 17.646 0.1493882456E+01 0.2002270E+00 212.337 -13.059 28iisc
272.028 15.321 0.1967285103E+01 0.3289036E+00 212.337 -13.059 29iisc
298.164 50.060 0.1598192870E+01 0.7186758E-02 212.337 -13.060 7irkt
303.665 48.429 0.1365103514E+01 0.5867390E-02 212.337 -13.060 8irkt
309.954 51.335 0.1140659804E+01 0.1684099E-02 212.337 -13.060 11irkt
305.263 42.751 0.2133065933E+01 0.1609567E-01 212.337 -13.060 27irkt
304.098 52.520 0.1061348622E+01 0.8943789E-03 212.337 -13.060 28irkt
336.163 -17.553 0.1555879628E+01 0.7040878E-03 212.337 -13.057 1jab1
339.226 -14.386 0.1461567876E+01 0.1405002E-02 212.337 -13.057 2jab1
326.781 -17.289 0.2159906999E+01 -0.6647593E-02 212.337 -13.057 4jab1
328.540 -8.326 0.1944257725E+01 0.2172519E-02 212.337 -13.057 8jab1
335.262 -5.169 0.1913788996E+01 0.8246056E-03 212.337 -13.057 11jab1
332.412 -17.888 0.1675303357E+01 -0.3793187E-02 212.337 -13.057 13jab1
343.284 -18.946 0.2280218681E+01 -0.4024711E-02 212.337 -13.057 16jab1
336.580 -12.490 0.1071661583E+01 0.8721799E-03 212.337 -13.057 20jab1
331.539 -12.050 0.1291920559E+01 -0.5677091E-03 212.337 -13.057 27jab1
279.715 -52.438 0.1624153524E+01 0.2245973E+00 212.337 -13.056 1kerg
272.614 -47.718 0.1058880115E+01 0.1429169E+00 212.337 -13.056 4kerg
259.243 -49.244 0.2037362974E+01 0.3556716E+00 212.337 -13.056 10kerg
275.049 -49.887 0.1098333120E+01 0.1462185E+00 212.337 -13.056 13kerg
268.930 -50.236 0.1156867879E+01 0.1588603E+00 212.337 -13.056 24kerg
278.299 -43.872 0.1775368395E+01 0.2536361E+00 212.337 -13.056 27kerg
70.328 64.768 0.2427483959E+01 -0.1553113E-01 212.339 -13.060 9kodk
38.142 58.328 0.1680848174E+01 -0.4059595E-03 212.339 -13.060 11kodk
54.622 53.760 0.1472385912E+01 -0.2473816E-03 212.339 -13.060 14kodk
58.953 55.813 0.1577207668E+01 0.5261620E-02 212.339 -13.060 15kodk
63.288 60.466 0.1901407488E+01 0.7957447E-02 212.339 -13.060 18kodk
150.633 9.813 0.1506671570E+01 0.2315176E+00 212.341 -13.058 9kour
151.285 -1.367 0.1836650508E+01 0.1699354E+00 212.341 -13.058 17kour
148.421 9.688 0.1468872799E+01 0.1696785E+00 212.341 -13.058 18kour
147.045 4.442 0.1153511802E+01 0.1889331E+00 212.341 -13.058 21kour
149.603 1.333 0.1367262985E+01 0.2195830E+00 212.341 -13.058 30kour
200.752 64.697 0.2600624711E+01 0.2283524E+00 212.340 -13.060 7kulu
164.880 63.473 0.1101469470E+01 0.5458574E-01 212.340 -13.060 9kulu
127.527 62.871 0.2661361550E+01 0.6584800E+05 212.340 -13.060 14kulu
148.979 63.254 0.1838725277E+01 0.6878799E-01 212.340 -13.060 15kulu
160.950 63.726 0.1149268854E+01 0.5513759E-01 212.340 -13.060 18kulu
174.786 63.218 0.1477005122E+01 0.9628860E-01 212.340 -13.060 26kulu
178.395 69.828 0.1766592148E+01 0.1103259E+00 212.340 -13.060 28kulu
182.163 61.369 0.2038333911E+01 0.1678359E+00 212.340 -13.060 29kulu
299.622 25.661 0.1507906276E+01 0.2720248E-01 212.337 -13.059 7kunm
303.461 24.290 0.1058770482E+01 0.1000310E-01 212.337 -13.059 8kunm
307.629 26.793 0.1252385025E+01 0.8816933E-03 212.337 -13.059 11kunm
303.094 28.178 0.1329433199E+01 0.9004063E-02 212.337 -13.059 28kunm
349.179 -12.641 0.1701567998E+01 0.2280353E-02 212.337 -13.057 1lae1
351.564 -8.610 0.1259361229E+01 -0.2806832E-02 212.337 -13.057 2lae1
338.597 -1.960 0.2410277471E+01 0.1120830E-01 212.337 -13.057 8lae1
347.811 -0.638 0.1718997545E+01 -0.9384650E-02 212.337 -13.057 11lae1
344.293 -14.771 0.2185989438E+01 -0.6320922E-02 212.337 -13.057 13lae1
354.628 -12.222 0.1976287544E+01 -0.6764940E-02 212.337 -13.057 16lae1
349.381 -7.021 0.1007490732E+01 -0.3171562E-02 212.337 -13.057 20lae1
343.272 -6.785 0.1662437961E+01 0.1725330E-02 212.337 -13.057 27lae1
0.063 -54.379 0.1008905827E+01 0.7928908E-03 212.338 -13.056 1mac1
3.308 -51.408 0.1252412322E+01 0.1020291E-01 212.338 -13.056 2mac1
342.473 -56.350 0.2286755563E+01 -0.3792553E-01 212.338 -13.056 4mac1
17.143 -64.000 0.2465528932E+01 -0.3434801E-02 212.338 -13.056 6mac1
355.434 -55.447 0.1277324878E+01 0.7082094E-02 212.338 -13.056 13mac1
5.498 -53.522 0.1192073440E+01 0.1093871E-01 212.338 -13.056 16mac1
359.361 -49.184 0.1549176077E+01 -0.1987300E-01 212.338 -13.056 20mac1
347.347 -63.922 0.2396694457E+01 0.7706894E-02 212.338 -13.056 24mac1
14.310 -56.015 0.1925967694E+01 -0.3130330E-02 212.338 -13.056 25mac1
341.536 -47.048 0.2576023733E+01 0.1806204E-01 212.338 -13.056 27mac1
275.523 0.122 0.1389001050E+01 0.2153300E+00 212.337 -13.058 4mald
274.040 6.193 0.1178937857E+01 0.1791234E+00 212.337 -13.058 7mald
276.869 5.422 0.1091420743E+01 0.1553621E+00 212.337 -13.058 8mald
285.273 12.880 0.2537593736E+01 0.3757698E+00 212.337 -13.058 11mald
278.185 3.184 0.1203248364E+01 0.1879816E+00 212.337 -13.058 27mald
275.953 10.795 0.1799833875E+01 0.2882093E+00 212.337 -13.058 28mald
245.554 -6.713 0.1534717196E+01 0.3833878E+00 212.338 -13.058 4mali
243.758 -0.162 0.1261710605E+01 0.2991892E+00 212.338 -13.058 7mali
248.460 -0.004 0.1833253967E+01 0.5099966E+00 212.338 -13.058 8mali
237.937 -6.298 0.1612807541E+01 0.4017004E+00 212.338 -13.058 10mali
241.330 -9.993 0.1866678950E+01 0.4687726E+00 212.338 -13.058 24mali
239.126 1.854 0.1662680880E+01 0.4219731E+00 212.338 -13.058 26mali
240.438 -0.376 0.1262108536E+01 0.3024401E+00 212.338 -13.058 29mali
212.141 38.986 0.1644579057E+01 0.3289321E+00 212.339 -13.060 7mall
201.076 40.537 0.1230930730E+01 0.2320219E+00 212.339 -13.060 9mall
197.692 42.078 0.1674159890E+01 0.3348407E+00 212.339 -13.060 18mall
205.482 39.015 0.1014083135E+01 0.1937190E+00 212.339 -13.060 26mall
206.756 37.909 0.1126766888E+01 0.2202237E+00 212.339 -13.060 29mall
184.738 29.416 0.1150579081E+01 0.2485965E+00 212.340 -13.059 9mas1
182.219 30.395 0.1474062681E+01 0.3301595E+00 212.340 -13.059 18mas1
188.769 28.544 0.1139039862E+01 0.2469536E+00 212.340 -13.059 26mas1
190.311 27.541 0.1291612758E+01 0.2972482E+00 212.340 -13.059 29mas1
276.437 -68.994 0.1432939928E+01 0.1782481E+00 212.338 -13.056 1maw1
267.053 -63.877 0.1313272842E+01 0.1611217E+00 212.338 -13.056 4maw1
248.019 -74.595 0.2069034628E+01 0.2741529E+00 212.338 -13.056 6maw1
247.192 -64.512 0.1915166353E+01 0.2859258E+00 212.338 -13.056 10maw1
270.462 -66.670 0.1135002138E+01 0.1395424E+00 212.338 -13.056 13maw1
244.596 -69.674 0.1907163546E+01 0.2648761E+00 212.338 -13.056 17maw1
260.474 -66.616 0.1099461076E+01 0.1778643E+00 212.338 -13.056 24maw1
280.971 -56.011 0.2523423257E+01 0.3720844E+00 212.338 -13.056 27maw1
42.107 13.368 0.1955662679E+01 -0.1931485E-02 212.339 -13.058 2mkea
49.399 20.039 0.1189247041E+01 -0.4979335E-03 212.339 -13.058 14mkea
53.132 22.197 0.1793852807E+01 0.4839800E-02 212.339 -13.058 15mkea
45.158 9.603 0.2283324587E+01 -0.4705964E-01 212.339 -13.058 16mkea
36.867 14.963 0.2312571918E+01 0.2879769E-02 212.339 -13.058 20mkea
210.909 -2.465 0.1228523873E+01 0.3036072E+00 212.339 -13.058 10nklg
212.761 2.472 0.1152908674E+01 0.2734837E+00 212.339 -13.058 29nklg
7.210 -25.631 0.1331664842E+01 0.1668241E-02 212.338 -13.057 1noum
2.106 -28.678 0.2089717530E+01 -0.3615576E-03 212.338 -13.057 13noum
10.886 -24.213 0.1237461911E+01 -0.3866133E-02 212.338 -13.057 16noum
6.956 -21.182 0.1084157029E+01 -0.1880736E-02 212.338 -13.057 20noum
19.024 -27.930 0.2372273323E+01 0.6222604E-02 212.338 -13.057 25noum
281.046 64.170 0.1696294905E+01 0.3211206E-01 212.338 -13.060 7nril
290.256 62.045 0.1831703088E+01 0.2182668E-01 212.338 -13.060 8nril
264.088 75.091 0.2175956434E+01 0.5722765E-01 212.338 -13.060 9nril
300.259 67.191 0.1381269685E+01 0.4177898E-01 212.338 -13.060 11nril
265.206 79.312 0.2391166056E+01 0.4350113E-01 212.338 -13.060 18nril
269.589 68.296 0.1885972525E+01 0.4261627E-01 212.338 -13.060 26nril
288.871 67.923 0.1055430701E+01 0.3885163E-01 212.338 -13.060 28nril
265.696 64.802 0.2253007137E+01 0.4214687E-01 212.338 -13.060 29nril
235.837 71.590 0.2075404716E+01 0.9077325E-01 212.339 -13.060 7nyal
263.210 68.945 0.2644024907E+01 0.1433609E+00 212.339 -13.060 8nyal
198.050 76.128 0.1407504799E+01 0.3110667E-01 212.339 -13.060 9nyal
263.983 81.398 0.2023023885E+01 0.7722434E-01 212.339 -13.060 11nyal
149.258 77.869 0.2423764470E+01 0.8281263E-01 212.339 -13.060 15nyal
189.615 77.405 0.1526734687E+01 0.5969830E-01 212.339 -13.060 18nyal
213.584 73.571 0.1544689152E+01 0.4941292E-01 212.339 -13.060 26nyal
230.064 77.908 0.1265776617E+01 0.2274644E-01 212.339 -13.060 28nyal
218.436 70.233 0.2032016825E+01 0.9316144E-01 212.339 -13.060 29nyal
338.268 -3.819 0.2389637247E+01 -0.4728802E-02 212.337 -13.058 1pala
331.016 8.961 0.1653906898E+01 0.5112559E-02 212.337 -13.058 8pala
336.597 10.678 0.1292839307E+01 -0.1420867E-02 212.337 -13.058 11pala
331.978 -4.965 0.2547102357E+01 -0.1617496E-01 212.337 -13.058 13pala
338.053 5.549 0.1146914488E+01 -0.7421523E-03 212.337 -13.058 20pala
332.818 5.917 0.1372418826E+01 -0.1078326E-02 212.337 -13.058 27pala
329.556 17.795 0.2505271145E+01 0.2463352E-01 212.337 -13.058 28pala
91.426 43.418 0.2298327109E+01 0.1032977E-01 212.340 -13.059 9pbl1
79.255 36.163 0.1066780707E+01 0.4439894E-04 212.340 -13.059 14pbl1
81.840 37.160 0.1090300686E+01 0.1110043E-03 212.340 -13.059 15pbl1
85.728 40.120 0.1574666083E+01 0.1541379E-02 212.340 -13.059 18pbl1
89.200 32.050 0.2186697320E+01 0.3181077E-02 212.340 -13.059 21pbl1
77.785 73.576 0.1966576242E+01 -0.1308935E+00 212.339 -13.060 9pboc
35.786 69.668 0.1680696795E+01 0.2117017E-01 212.339 -13.060 11pboc
60.855 63.789 0.1791627727E+01 0.1269893E-01 212.339 -13.060 14pboc
67.156 66.415 0.1682717851E+01 0.1117975E-01 212.339 -13.060 15pboc
71.543 70.842 0.1650315471E+01 -0.8940631E-02 212.339 -13.060 18pboc
38.679 75.561 0.1799725157E+01 0.5297142E-01 212.339 -13.060 28pboc
175.457 38.277 0.1031366859E+01 0.1752985E+00 212.340 -13.060 9pdel
173.194 38.803 0.1205744178E+01 0.2035096E+00 212.340 -13.060 18pdel
180.096 37.841 0.1218840318E+01 0.2167032E+00 212.340 -13.060 26pdel
182.530 36.814 0.1513492715E+01 0.2925734E+00 212.340 -13.060 29pdel
320.290 -34.313 0.1274406176E+01 0.1272113E-01 212.337 -13.057 1pert
325.944 -32.329 0.1808628854E+01 -0.6692002E-03 212.337 -13.057 2pert
313.534 -32.541 0.1354023602E+01 0.2528686E-01 212.337 -13.057 4pert
312.949 -24.393 0.2048833847E+01 0.2877240E-01 212.337 -13.057 8pert
317.011 -33.724 0.1137146208E+01 0.1556919E-01 212.337 -13.057 13pert
329.694 -37.087 0.2356048173E+01 -0.7694207E-02 212.337 -13.057 16pert
322.283 -29.818 0.1393949524E+01 0.4744656E-02 212.337 -13.057 20pert
308.452 -39.728 0.2363922612E+01 0.7394812E-01 212.337 -13.057 24pert
316.088 -29.133 0.1227730967E+01 0.1504906E-01 212.337 -13.057 27pert
341.333 50.322 0.2448951553E+01 0.6311407E-02 212.338 -13.060 8petp
358.143 51.949 0.1097055761E+01 -0.1484292E-02 212.338 -13.060 11petp
20.587 51.552 0.2430636179E+01 -0.2870263E-02 212.338 -13.060 14petp
358.365 40.819 0.2434020711E+01 0.1810961E-02 212.338 -13.060 20petp
352.901 55.909 0.1599733306E+01 0.1221050E-02 212.338 -13.060 28petp
90.493 52.304 0.2028434135E+01 0.5445571E-02 212.340 -13.059 9pgc3
58.872 55.113 0.2558489883E+01 0.2800489E-01 212.340 -13.059 11pgc3
78.251 45.769 0.1186993356E+01 0.2781459E-02 212.340 -13.059 14pgc3
81.442 46.925 0.1155219452E+01 -0.3742445E-03 212.340 -13.059 15pgc3
85.437 49.768 0.1462361237E+01 -0.7136012E-02 212.340 -13.059 18pgc3
92.341 39.739 0.2508033755E+01 -0.1325713E-02 212.340 -13.059 21pgc3
332.998 6.891 0.2485175128E+01 -0.7643461E-02 212.337 -13.058 2pimo
312.801 18.041 0.2314126992E+01 0.2413556E-02 212.337 -13.058 7pimo
319.850 15.092 0.1269655603E+01 -0.5001549E-02 212.337 -13.058 8pimo
324.295 17.144 0.1211655956E+01 -0.3266711E-02 212.337 -13.058 11pimo
326.485 11.814 0.1417466974E+01 -0.2654601E-02 212.337 -13.058 20pimo
320.986 12.568 0.1220675312E+01 -0.1354251E-02 212.337 -13.058 27pimo
121.471 72.831 0.1407477101E+01 -0.9237172E-01 212.340 -13.060 9reso
65.689 79.633 0.2215259758E+01 0.8248914E-01 212.340 -13.060 11reso
94.251 67.111 0.2015662316E+01 0.4702791E-01 212.340 -13.060 14reso
105.276 69.188 0.1568639915E+01 0.8453479E-01 212.340 -13.060 15reso
114.973 71.958 0.1277774681E+01 -0.3316819E-01 212.340 -13.060 18reso
147.705 75.627 0.2219107126E+01 0.2467474E-02 212.340 -13.060 26reso
111.799 81.436 0.1787365764E+01 0.8423667E-02 212.340 -13.060 28reso
133.646 -53.430 0.1005572119E+01 0.9900980E-01 212.340 -13.056 6riog
147.844 -52.986 0.1971225015E+01 0.2597065E+00 212.340 -13.056 10riog
116.217 -58.150 0.2326535611E+01 0.1779468E+00 212.340 -13.056 16riog
138.136 -53.067 0.1142529308E+01 0.1194505E+00 212.340 -13.056 17riog
132.413 -46.756 0.1810191362E+01 0.2127737E+00 212.340 -13.056 21riog
144.647 -58.297 0.1879218783E+01 0.2234111E+00 212.340 -13.056 24riog
126.964 -53.387 0.1420279016E+01 0.1378963E+00 212.340 -13.056 25riog
136.835 -51.591 0.1163925920E+01 0.1223271E+00 212.340 -13.056 30riog
150.832 47.268 0.1027241577E+01 0.8491221E-01 212.340 -13.060 9stjo
132.159 46.760 0.2396686793E+01 0.1275729E+00 212.340 -13.060 14stjo
142.776 46.626 0.1454249794E+01 0.1061902E+00 212.340 -13.060 15stjo
148.475 47.231 0.1012247712E+01 0.7912411E-01 212.340 -13.060 18stjo
144.271 40.287 0.1968552017E+01 0.1792788E+00 212.340 -13.060 21stjo
158.450 48.059 0.1690445163E+01 0.1604493E+00 212.340 -13.060 26stjo
165.963 47.084 0.2348500312E+01 0.2862207E+00 212.340 -13.060 29stjo
117.377 40.278 0.1420380305E+01 0.1341570E-01 212.341 -13.059 9stl4
107.803 37.149 0.1340202748E+01 0.1535036E-02 212.341 -13.059 14stl4
111.243 37.740 0.1034238054E+01 0.3203340E-03 212.341 -13.059 15stl4
114.610 39.304 0.1108411814E+01 0.4484586E-02 212.341 -13.059 18stl4
114.415 33.582 0.1544820293E+01 -0.4548015E-02 212.341 -13.059 21stl4
228.680 -33.490 0.1536604092E+01 0.3826235E+00 212.339 -13.057 4sutm
209.552 -42.588 0.2642087802E+01 0.5909158E+00 212.339 -13.057 6sutm
230.826 -21.241 0.2531050089E+01 0.8085927E+00 212.339 -13.057 7sutm
220.957 -31.978 0.1078149767E+01 0.2550633E+00 212.339 -13.057 10sutm
231.565 -39.061 0.2222740454E+01 0.6129486E+00 212.339 -13.057 13sutm
217.382 -34.810 0.1576194013E+01 0.3889064E+00 212.339 -13.057 17sutm
223.514 -34.322 0.1130726890E+01 0.2662209E+00 212.339 -13.057 24sutm
220.649 -18.123 0.2610056874E+01 0.4203587E+00 212.339 -13.057 26sutm
222.916 -24.251 0.1981847301E+01 0.5450740E+00 212.339 -13.057 29sutm
212.238 -34.893 0.2156106932E+01 0.6052354E+00 212.339 -13.057 30sutm
256.187 -72.106 0.1626701986E+01 0.2206106E+00 212.338 -13.056 1syog
249.495 -65.438 0.1442411596E+01 0.2089773E+00 212.338 -13.056 4syog
224.328 -72.830 0.1787747900E+01 0.2520662E+00 212.338 -13.056 6syog
231.039 -64.707 0.1640591163E+01 0.2297669E+00 212.338 -13.056 10syog
251.022 -68.814 0.1268511571E+01 0.1612644E+00 212.338 -13.056 13syog
226.447 -68.676 0.1580576272E+01 0.2301919E+00 212.338 -13.056 17syog
240.277 -67.553 0.1054700591E+01 0.1522445E+00 212.338 -13.056 24syog
272.440 40.731 0.1115854842E+01 0.1025366E+00 212.337 -13.060 7tala
276.257 39.926 0.1197429958E+01 0.1068499E+00 212.337 -13.060 8tala
281.715 43.992 0.1631871612E+01 0.1294156E+00 212.337 -13.060 11tala
266.330 43.291 0.1669927117E+01 0.1801161E+00 212.337 -13.060 26tala
279.824 35.604 0.1964419440E+01 0.1935096E+00 212.337 -13.060 27tala
274.670 43.381 0.1038694239E+01 0.9146465E-01 212.337 -13.060 28tala
266.678 41.181 0.1646332249E+01 0.1796340E+00 212.337 -13.060 29tala
302.495 67.588 0.2254478554E+01 -0.7535630E-02 212.338 -13.060 7tixi
314.600 63.901 0.2165088161E+01 -0.8404637E-02 212.338 -13.060 8tixi
313.419 82.729 0.2370382640E+01 0.2129386E-01 212.338 -13.060 9tixi
332.370 68.337 0.1247122462E+01 -0.1703763E-01 212.338 -13.060 11tixi
345.727 82.798 0.2362280878E+01 -0.2080545E-02 212.338 -13.060 18tixi
287.792 75.307 0.2439818968E+01 0.1199167E-01 212.338 -13.060 26tixi
322.713 70.838 0.1186200344E+01 -0.2940037E-02 212.338 -13.060 28tixi
313.124 26.736 0.2149097318E+01 0.1176649E-02 212.337 -13.059 7tnml
319.575 24.266 0.1261002087E+01 -0.5359924E-03 212.337 -13.059 8tnml
324.192 26.185 0.1095555492E+01 -0.1443060E-02 212.337 -13.059 11tnml
327.082 20.472 0.1625964901E+01 -0.2930522E-02 212.337 -13.059 20tnml
320.538 21.464 0.1369661053E+01 0.1138590E-02 212.337 -13.059 27tnml
319.696 28.819 0.1555649191E+01 0.2553106E-02 212.337 -13.059 28tnml
211.296 59.177 0.1989618467E+01 0.2635536E+00 212.339 -13.060 7tors
191.044 60.618 0.1148532884E+01 0.1264946E+00 212.339 -13.060 9tors
167.336 63.291 0.2472733555E+01 0.2751773E+00 212.339 -13.060 15tors
187.164 61.519 0.1341662943E+01 0.1487843E+00 212.339 -13.060 18tors
198.255 59.325 0.1210657433E+01 0.1345884E+00 212.339 -13.060 26tors
204.931 63.984 0.1487037104E+01 0.1619367E+00 212.339 -13.060 28tors
201.388 57.637 0.1541197662E+01 0.1967541E+00 212.339 -13.060 29tors
349.220 -22.865 0.1337100769E+01 0.1135418E-02 212.337 -13.057 1tow2
351.581 -19.899 0.1160301768E+01 -0.6343238E-04 212.337 -13.057 2tow2
336.087 -25.243 0.2572496640E+01 -0.3434801E-02 212.337 -13.057 4tow2
347.303 -9.094 0.2274788984E+01 -0.9609832E-03 212.337 -13.057 11tow2
345.342 -24.151 0.1713208365E+01 -0.5705639E-02 212.337 -13.057 13tow2
353.903 -22.564 0.1633286011E+01 0.4852493E-03 212.337 -13.057 16tow2
349.456 -18.444 0.1017627702E+01 0.4535336E-03 212.337 -13.057 20tow2
342.915 -18.034 0.1694741787E+01 -0.4018368E-02 212.337 -13.057 27tow2
334.332 34.849 0.1755743660E+01 0.1722158E-02 212.337 -13.059 8tskb
341.763 36.346 0.1008421574E+01 0.9482959E-03 212.337 -13.059 11tskb
343.855 29.983 0.1698754758E+01 0.1814133E-02 212.337 -13.059 20tskb
334.536 30.232 0.2054096505E+01 -0.2372327E-02 212.337 -13.059 27tskb
336.935 39.765 0.1626476743E+01 0.3089101E-02 212.337 -13.059 28tskb
301.101 46.314 0.1620467777E+01 0.8953318E-02 212.337 -13.060 7ulab
306.314 44.700 0.1303517624E+01 0.5610492E-02 212.337 -13.060 8ulab
312.059 47.325 0.1109514677E+01 0.1236909E-02 212.337 -13.060 11ulab
323.219 35.525 0.2678186307E+01 -0.3504575E-02 212.337 -13.060 20ulab
287.616 52.950 0.2612935027E+01 0.1809376E-01 212.337 -13.060 26ulab
307.582 39.943 0.1943731300E+01 0.1072305E-01 212.337 -13.060 27ulab
306.778 48.617 0.1092354485E+01 0.2321582E-02 212.337 -13.060 28ulab
284.394 48.771 0.2694089621E+01 -0.1150414E+01 212.337 -13.060 29ulab
240.527 64.811 0.1669812855E+01 0.1404906E+00 212.339 -13.060 7vars
256.298 63.297 0.2335195771E+01 0.1931290E+00 212.339 -13.060 8vars
219.134 69.624 0.1478225713E+01 0.1114296E+00 212.339 -13.060 9vars
213.343 71.659 0.1743174205E+01 0.9506120E-01 212.339 -13.060 18vars
228.346 66.588 0.1359816853E+01 0.8769367E-01 212.339 -13.060 26vars
240.113 69.495 0.1159797035E+01 0.8310125E-01 212.339 -13.060 28vars
230.025 64.131 0.1685747280E+01 0.1521525E+00 212.339 -13.060 29vars
207.338 40.137 0.1836547524E+01 0.4073078E+00 212.339 -13.060 7vill
195.160 41.122 0.1155051016E+01 0.2262814E+00 212.339 -13.060 9vill
192.153 42.322 0.1515299263E+01 0.3064553E+00 212.339 -13.060 18vill
199.553 39.876 0.1038200319E+01 0.2070808E+00 212.339 -13.060 26vill
205.826 45.369 0.1921049268E+01 0.4207013E+00 212.339 -13.060 28vill
201.036 38.779 0.1187799875E+01 0.2469219E+00 212.339 -13.060 29vill
14.904 -42.604 0.1119101227E+01 -0.9514689E-03 212.338 -13.056 1wgtt
10.106 -44.954 0.1718049402E+01 -0.2664067E-03 212.338 -13.056 13wgtt
18.722 -41.194 0.1055666759E+01 -0.5385310E-02 212.338 -13.056 16wgtt
13.473 -38.114 0.1364557582E+01 -0.3526777E-02 212.338 -13.056 20wgtt
24.685 -42.841 0.1688380636E+01 0.7922560E-02 212.338 -13.056 25wgtt
83.285 64.047 0.2003271408E+01 0.4967933E-01 212.340 -13.060 9whit
50.015 62.755 0.1990834034E+01 0.1687271E-02 212.340 -13.060 11whit
68.708 56.164 0.1440005153E+01 -0.2645399E-01 212.340 -13.060 14whit
73.158 57.890 0.1390878289E+01 -0.1442426E-01 212.340 -13.060 15whit
77.633 61.407 0.1555141411E+01 -0.1001579E-01 212.340 -13.060 18whit
55.318 70.435 0.2304901700E+01 0.5872146E-01 212.340 -13.060 28whit
310.869 59.911 0.2235417389E+01 0.4386261E-02 212.338 -13.060 7yakt
320.700 56.784 0.1892765772E+01 -0.1636520E-02 212.338 -13.060 8yakt
332.583 59.850 0.1111807562E+01 -0.7611737E-03 212.338 -13.060 11yakt
318.833 46.249 0.2699691920E+01 0.1008873E-01 212.338 -13.060 27yakt
325.934 62.178 0.1189429166E+01 0.1030762E-02 212.338 -13.060 28yakt
319.800 -31.923 0.1325861807E+01 0.1111315E-01 212.337 -13.057 1yar2
325.416 -29.918 0.1846673632E+01 0.4814430E-02 212.337 -13.057 2yar2
313.143 -30.042 0.1361977007E+01 0.2461449E-01 212.337 -13.057 4yar2
312.926 -22.435 0.1932108933E+01 0.2651742E-01 212.337 -13.057 8yar2
316.515 -31.269 0.1169400247E+01 0.1556919E-01 212.337 -13.057 13yar2
329.672 -35.069 0.2451054996E+01 0.4915919E-03 212.337 -13.057 16yar2
321.648 -27.370 0.1378658817E+01 0.6025967E-02 212.337 -13.057 20yar2
307.578 -37.775 0.2453343319E+01 0.8647896E-01 212.337 -13.057 24yar2
315.707 -26.704 0.1187443725E+01 0.1366309E-01 212.337 -13.057 27yar2
99.896 63.290 0.1614186001E+01 -0.8626647E-02 212.340 -13.060 9yell
62.980 67.445 0.2359797734E+01 0.8844216E-01 212.340 -13.060 11yell
85.004 57.590 0.1494543085E+01 -0.3254022E-02 212.340 -13.060 14yell
90.155 59.052 0.1288121065E+01 0.1385974E-02 212.340 -13.060 15yell
95.181 61.740 0.1301934582E+01 0.5553086E-01 212.340 -13.060 18yell
82.269 73.473 0.2339439262E+01 -0.7828365E-01 212.340 -13.060 28yell
334.362 44.526 0.1916475025E+01 -0.1036783E-01 212.338 -13.059 8yssk
344.060 46.301 0.1015667523E+01 0.1084676E-02 212.338 -13.059 11yssk
346.642 37.598 0.2141242884E+01 -0.2559450E-02 212.338 -13.059 20yssk
332.939 37.797 0.2468412969E+01 0.2172519E-02 212.338 -13.059 27yssk
339.087 49.398 0.1455605616E+01 0.1268624E-02 212.338 -13.059 28yssk
