0.1268482297E+01 -0.970537936314940E+01 10.500000000000 F
0.1265021885E+01 -0.971365018934011E+01 10.508333333333 F
0.1261591922E+01 -0.972309747710824E+01 10.516666666667 F
0.1258192197E+01 -0.973070190101862E+01 10.525000000000 F
0.1254822505E+01 -0.973767815157771E+01 10.533333333333 F
0.1251482640E+01 -0.974543124064803E+01 10.541666666667 F
0.1248172396E+01 -0.975149370357394E+01 10.550000000000 F
0.1244891574E+01 -0.975885945931077E+01 10.558333333333 F
0.1241639971E+01 -0.976536553725600E+01 10.566666666667 F
0.1238417390E+01 -0.977318126335740E+01 10.575000000000 F
0.1235223633E+01 -0.977951250970364E+01 10.583333333333 F
0.1232058506E+01 -0.978504748269916E+01 10.591666666667 F
0.1228921814E+01 -0.979239004105330E+01 10.600000000000 F
0.1225813365E+01 -0.979730932414532E+01 10.608333333333 F
0.1222732971E+01 -0.980642754584551E+01 10.616666666667 F
0.1219680441E+01 -0.981249452382326E+01 10.625000000000 F
0.1216655590E+01 -0.981963644921780E+01 10.633333333333 F
0.1213658233E+01 -0.982729513198137E+01 10.641666666667 F
0.1210688185E+01 -0.983168372884393E+01 10.650000000000 F
0.1207745266E+01 -0.983728681877255E+01 10.658333333333 F
0.1204829296E+01 -0.984299435466528E+01 10.666666666667 F
0.1201940096E+01 -0.984907592833042E+01 10.675000000000 F
0.1199077490E+01 -0.985530634596944E+01 10.683333333333 F
0.1196241302E+01 -0.986150167137384E+01 10.691666666667 F
0.1193431360E+01 -0.986806783825159E+01 10.700000000000 F
0.1190647492E+01 -0.987334613874555E+01 10.708333333333 F
0.1187889528E+01 -0.987672445923090E+01 10.716666666667 F
0.1185157299E+01 -0.988156781718135E+01 10.725000000000 F
0.1182450640E+01 -0.988753686100245E+01 10.733333333333 F
0.1179769384E+01 -0.989230049401522E+01 10.741666666667 F
0.1177113369E+01 -0.989804708585143E+01 10.750000000000 F
0.1174482432E+01 -0.990294663980603E+01 10.758333333333 F
0.1171876414E+01 -0.990661858394742E+01 10.766666666667 F
0.1169295156E+01 -0.991044887527823E+01 10.775000000000 F
0.1166738500E+01 -0.991474199295044E+01 10.783333333333 F
0.1164206292E+01 -0.991939643397927E+01 10.791666666667 F
0.1161698377E+01 -0.992595675960183E+01 10.800000000000 F
0.1159214603E+01 -0.993250099569559E+01 10.808333333333 F
0.1156754820E+01 -0.993776051700115E+01 10.816666666667 F
0.1154318877E+01 -0.994526210427284E+01 10.825000000000 F
0.1151906628E+01 -0.994886560738087E+01 10.833333333333 F
0.1149517927E+01 -0.995164744555950E+01 10.841666666667 F
0.1147152627E+01 -0.995656032860279E+01 10.850000000000 F
0.1144810587E+01 -0.996030902490020E+01 10.858333333333 F
0.1142491665E+01 -0.996326141804457E+01 10.866666666667 F
0.1140195720E+01 -0.996643875166774E+01 10.875000000000 F
0.1137922615E+01 -0.996945727244020E+01 10.883333333333 F
0.1135672210E+01 -0.997133696079254E+01 10.891666666667 F
0.1133444372E+01 -0.997511617094278E+01 10.900000000000 F
0.1131238966E+01 -0.997851773351431E+01 10.908333333333 F
0.1129055858E+01 -0.998198564723134E+01 10.916666666667 F
0.1126894917E+01 -0.998635721579194E+01 10.925000000000 F
0.1124756013E+01 -0.999061436578631E+01 10.933333333333 F
0.1122639018E+01 -0.999579419195652E+01 10.941666666667 F
0.1120543805E+01 -0.100009357146919E+02 10.950000000000 F
0.1118470247E+01 -0.100053950995207E+02 10.958333333333 F
0.1116418220E+01 -0.100099018178880E+02 10.966666666667 F
0.1114387602E+01 -0.100161685012281E+02 10.975000000000 F
0.1112378270E+01 -0.100205795727670E+02 10.983333333333 F
0.1110390103E+01 -0.100228591039777E+02 10.991666666667 F
0.1108422984E+01 -0.100254935957491E+02 11.000000000000 F
0.1106476795E+01 -0.100264247134328E+02 11.008333333333 F
0.1104551418E+01 -0.100316815860569E+02 11.016666666667 F
0.1102646739E+01 -0.100341916307807E+02 11.025000000000 F
0.1100762645E+01 -0.100364920981228E+02 11.033333333333 F
0.1098899023E+01 -0.100404161475599E+02 11.041666666667 F
0.1097055761E+01 -0.100458242334425E+02 11.050000000000 F
0.1095232750E+01 -0.100515079833567E+02 11.058333333333 F
0.1093429882E+01 -0.100562971010804E+02 11.066666666667 F
0.1091647048E+01 -0.100598902776837E+02 11.075000000000 F
0.1089884143E+01 -0.100637210682034E+02 11.083333333333 F
0.1088141063E+01 -0.100668506696820E+02 11.091666666667 F
0.1086417703E+01 -0.100711630098522E+02 11.100000000000 F
0.1084713960E+01 -0.100760491453111E+02 11.108333333333 F
0.1083029735E+01 -0.100784389898181E+02 11.116666666667 F
0.1081364927E+01 -0.100801562108099E+02 11.125000000000 F
0.1079719437E+01 -0.100816828683019E+02 11.133333333333 F
0.1078093167E+01 -0.100839450620115E+02 11.141666666667 F
0.1076486022E+01 -0.100858930014074E+02 11.150000000000 F
0.1074897905E+01 -0.100888714380562E+02 11.158333333333 F
0.1073328723E+01 -0.100928296186030E+02 11.166666666667 F
0.1071778384E+01 -0.100972664430737E+02 11.175000000000 F
0.1070246794E+01 -0.100996985584497E+02 11.183333333333 F
0.1068733864E+01 -0.101040809191763E+02 11.191666666667 F
